2022-03-15 10:46:49,733 [INFO] Using hosts file to resolve HITS hiplib/config/hosts
2022-03-15 10:46:49,734 [INFO] Importing hosts file
2022-03-15 10:46:49,734 [INFO] 2001:2001:6f4a:5a81:0852:f345:e88f:dcfd 192.168.3.1

2022-03-15 10:46:49,734 [INFO] 2001:2001:beb4:d8be:ae47:f4dc:93e3:c6ac 192.168.3.2

2022-03-15 10:46:49,734 [INFO] Loading public key and constructing HIT
2022-03-15 10:46:49,746 [INFO] Initializing IPSec socket
2022-03-15 10:46:49,765 [INFO] Starting the CuteHIP
2022-03-15 10:46:49,765 [DEBUG] Got HIP packet on the interface
2022-03-15 10:46:49,766 [DEBUG] ...Periodic cleaning task...
2022-03-15 10:46:50,056 [INFO] I1 packet
2022-03-15 10:46:50,093 [DEBUG] DH public key: 1769401231769764063293470850000266619598981525945418152208234325484677623133154153294514066265029055779160298235972758519932133823976697770553377122360067 
2022-03-15 10:46:50,093 [DEBUG] DH public key value: 1769401231769764063293470850000266619598981525945418152208234325484677623133154153294514066265029055779160298235972758519932133823976697770553377122360067 
2022-03-15 10:46:50,093 [DEBUG] DH public key value: 1769401231769764063293470850000266619598981525945418152208234325484677623133154153294514066265029055779160298235972758519932133823976697770553377122360067 
2022-03-15 10:46:50,094 [DEBUG] [0, 0, 3, 1, 0, 1, 222, 173, 141, 230, 170, 189, 175, 182, 226, 38, 232, 24, 191, 177, 230, 147, 75, 91, 158, 10, 196, 83, 171, 200, 216, 51, 10, 47, 183, 164, 237, 73, 167, 178, 40, 85, 237, 192, 248, 192, 151, 60, 30, 66, 53, 172, 171, 41, 224, 220, 230, 55, 22, 60, 205, 149, 234, 52, 240, 115, 132, 79, 39, 30, 73, 140, 150, 205, 200, 212, 232, 105, 218, 145, 219, 47, 53, 204, 221, 91, 238, 137, 24, 194, 230, 80, 44, 141, 82, 254, 143, 146, 211, 185, 23, 153, 90, 195, 115, 250, 122, 111, 114, 185, 45, 93, 124, 71, 69, 143, 163, 97, 151, 45, 5, 82, 24, 200, 34, 210, 212, 180, 224, 122, 147, 206, 130, 239]
2022-03-15 10:46:50,094 [DEBUG] Type: 2, Value: dmitriy.kuptsov@strangebit.com
2022-03-15 10:46:50,096 [DEBUG] Got HIP packet on the interface
2022-03-15 10:46:50,218 [DEBUG] Got data on Ethernet link...
2022-03-15 10:46:50,218 [DEBUG] bytearray(b'\xb6\x91\x0c\x12uc')
2022-03-15 10:46:50,218 [DEBUG] Searching for the next hop
2022-03-15 10:46:50,218 [DEBUG] Processing L2 frame
2022-03-15 10:46:50,218 [DEBUG] Unassociate state reached
2022-03-15 10:46:50,218 [DEBUG] Starting HIP BEX 1647341210.218368
2022-03-15 10:46:50,218 [INFO] Resolving 2001:2001:6f4a:5a81:0852:f345:e88f:dcfd to IPv4 address
2022-03-15 10:46:50,218 [DEBUG] Sending I1 packet to 192.168.3.1
 0.000043
2022-03-15 10:46:50,337 [INFO] I2 packet
2022-03-15 10:46:50,337 [DEBUG] ESP info parameter
2022-03-15 10:46:50,337 [DEBUG] Puzzle solution parameter
2022-03-15 10:46:50,337 [DEBUG] DH parameter
2022-03-15 10:46:50,337 [DEBUG] Ciphers parameter
2022-03-15 10:46:50,337 [DEBUG] ESP transform parameter
2022-03-15 10:46:50,337 [DEBUG] Host ID
2022-03-15 10:46:50,337 [DEBUG] OGA ID 1 
2022-03-15 10:46:50,337 [DEBUG] [32, 1, 32, 1, 190, 180, 216, 190, 174, 71, 244, 220, 147, 227, 198, 172]
2022-03-15 10:46:50,337 [DEBUG] [32, 1, 32, 1, 111, 74, 90, 129, 8, 82, 243, 69, 232, 143, 220, 253]
2022-03-15 10:46:50,337 [DEBUG] [32, 1, 32, 1, 111, 74, 90, 129, 8, 82, 243, 69, 232, 143, 220, 253]
2022-03-15 10:46:50,338 [DEBUG] Transport parameter
2022-03-15 10:46:50,338 [DEBUG] MAC parameter
2022-03-15 10:46:50,338 [DEBUG] Signature parameter
2022-03-15 10:46:50,338 [DEBUG] Puzzle was solved
2022-03-15 10:46:50,350 [DEBUG] Secret key 85343428169880317214166636886293745896739639393294665029157399438255953255782
2022-03-15 10:46:50,351 [DEBUG] Signature is correct
2022-03-15 10:46:50,351 [DEBUG] Processing I2 packet 0.013960
2022-03-15 10:46:50,352 [DEBUG] Current system state is 1
2022-03-15 10:46:50,352 [DEBUG] Sending R2 packet to 192.168.3.1 0.000823
2022-03-15 10:46:50,352 [DEBUG] Setting SA records...
2022-03-15 10:46:50,352 [DEBUG] Transform 9 
2022-03-15 10:46:50,352 [DEBUG] Adding record for 2001:2001:beb4:d8be:ae47:f4dc:93e3:c6ac - 2001:2001:6f4a:5a81:0852:f345:e88f:dcfd
2022-03-15 10:46:50,352 [DEBUG] Adding record for 192.168.3.1 - 192.168.3.2
2022-03-15 10:46:50,352 [DEBUG] Got HIP packet on the interface
2022-03-15 10:46:50,352 [INFO] R1 packet
2022-03-15 10:46:50,352 [DEBUG] Dropping packet...
2022-03-15 10:46:50,352 [DEBUG] Exception occured while processing HIP packet
2022-03-15 10:46:50,352 [DEBUG] 'NoneType' object is not iterable
2022-03-15 10:46:50,352 [DEBUG] Got HIP packet on the interface
2022-03-15 10:46:50,437 [DEBUG] Got data on Ethernet link...
2022-03-15 10:46:50,437 [DEBUG] bytearray(b'\xa2\x03@$\xd4\xd8')
2022-03-15 10:46:50,437 [DEBUG] Searching for the next hop
2022-03-15 10:46:50,437 [DEBUG] Processing L2 frame
2022-03-15 10:46:50,437 [DEBUG] Unknown state reached....
2022-03-15 10:46:50,437 [DEBUG] Got data on Ethernet link...
2022-03-15 10:46:50,437 [DEBUG] bytearray(b'\xb6\x91\x0c\x12uc')
2022-03-15 10:46:50,437 [DEBUG] Searching for the next hop
2022-03-15 10:46:50,437 [DEBUG] Processing L2 frame
2022-03-15 10:46:50,437 [DEBUG] Unknown state reached....
2022-03-15 10:46:50,470 [DEBUG] Processing IPSec packet
2022-03-15 10:46:50,599 [DEBUG] Got data on Ethernet link...
2022-03-15 10:46:50,599 [DEBUG] bytearray(b'\xa2\x03@$\xd4\xd8')
2022-03-15 10:46:50,599 [DEBUG] Searching for the next hop
2022-03-15 10:46:50,599 [DEBUG] Processing L2 frame
2022-03-15 10:46:50,599 [DEBUG] HMAC key
2022-03-15 10:46:50,599 [DEBUG] bytearray(b"\x9a\xe1y\xa1\xe3M\xaaj\x02\x8a\xc6\xeb\x1f\xc0\xd2^\xfcj\xb2\'\xdd{%av$\xaa\x97\x0c\xfd^\x95")
2022-03-15 10:46:50,599 [DEBUG] Cipher key
2022-03-15 10:46:50,599 [DEBUG] bytearray(b"\xe5\x01\x8e\xb9\xc8\x92\xc4\xb99kT3\x97\x19\x86Q\xd2\'L\x9b\x1e\xe7\x1c\xf7EI\\,\xb5\xbb8\xd1")
2022-03-15 10:46:50,599 [DEBUG] IV
2022-03-15 10:46:50,599 [DEBUG] [155, 170, 205, 165, 30, 230, 211, 221, 190, 227, 238, 125, 63, 46, 97, 44]
2022-03-15 10:46:50,599 [DEBUG] Length of the padded data 96
2022-03-15 10:46:50,600 [DEBUG] Padded data
2022-03-15 10:46:50,600 [DEBUG] [155, 170, 205, 165, 30, 230, 211, 221, 190, 227, 238, 125, 63, 46, 97, 44, 215, 51, 125, 116, 150, 191, 121, 236, 117, 177, 156, 85, 196, 24, 49, 180, 252, 217, 223, 218, 60, 120, 85, 63, 76, 64, 155, 162, 211, 116, 118, 192, 213, 123, 4, 196, 14, 205, 3, 4, 218, 45, 7, 230, 102, 155, 121, 251, 131, 110, 16, 46, 130, 72, 69, 116, 62, 164, 96, 125, 174, 132, 250, 219, 1, 248, 148, 209, 202, 184, 41, 134, 247, 226, 55, 117, 70, 117, 226, 174, 54, 83, 124, 224, 26, 13, 194, 30, 121, 63, 54, 195, 199, 173, 67, 9]
2022-03-15 10:46:50,600 [DEBUG] [215, 51, 125, 116, 150, 191, 121, 236, 117, 177, 156, 85, 196, 24, 49, 180, 252, 217, 223, 218, 60, 120, 85, 63, 76, 64, 155, 162, 211, 116, 118, 192, 213, 123, 4, 196, 14, 205, 3, 4, 218, 45, 7, 230, 102, 155, 121, 251, 131, 110, 16, 46, 130, 72, 69, 116, 62, 164, 96, 125, 174, 132, 250, 219, 1, 248, 148, 209, 202, 184, 41, 134, 247, 226, 55, 117, 70, 117, 226, 174, 54, 83, 124, 224, 26, 13, 194, 30, 121, 63, 54, 195, 199, 173, 67, 9]
2022-03-15 10:46:50,600 [DEBUG] Encrypted padded data
2022-03-15 10:46:50,600 [DEBUG] [51, 51, 255, 36, 212, 216, 162, 3, 64, 36, 212, 216, 134, 221, 96, 0, 0, 0, 0, 32, 58, 255, 0, 0, 0, 0, 0, 0, 0, 0, 0, 0, 0, 0, 0, 0, 0, 0, 255, 2, 0, 0, 0, 0, 0, 0, 0, 0, 0, 1, 255, 36, 212, 216, 135, 0, 197, 120, 0, 0, 0, 0, 254, 128, 0, 0, 0, 0, 0, 0, 160, 3, 64, 255, 254, 36, 212, 216, 14, 1, 76, 88, 45, 65, 166, 14, 1, 2, 3, 4, 5, 6, 7, 8, 8, 0]
2022-03-15 10:46:50,600 [DEBUG] Calculating ICV over IPSec packet
2022-03-15 10:46:50,600 [DEBUG] [172, 119, 151, 163, 0, 0, 0, 1, 155, 170, 205, 165, 30, 230, 211, 221, 190, 227, 238, 125, 63, 46, 97, 44, 215, 51, 125, 116, 150, 191, 121, 236, 117, 177, 156, 85, 196, 24, 49, 180, 252, 217, 223, 218, 60, 120, 85, 63, 76, 64, 155, 162, 211, 116, 118, 192, 213, 123, 4, 196, 14, 205, 3, 4, 218, 45, 7, 230, 102, 155, 121, 251, 131, 110, 16, 46, 130, 72, 69, 116, 62, 164, 96, 125, 174, 132, 250, 219, 1, 248, 148, 209, 202, 184, 41, 134, 247, 226, 55, 117, 70, 117, 226, 174, 54, 83, 124, 224, 26, 13, 194, 30, 121, 63, 54, 195, 199, 173, 67, 9]
2022-03-15 10:46:50,600 [DEBUG] Sending IPSEC packet to 192.168.3.1 172 bytes
2022-03-15 10:46:51,238 [DEBUG] Got data on Ethernet link...
2022-03-15 10:46:51,239 [DEBUG] bytearray(b'\xb6\x91\x0c\x12uc')
2022-03-15 10:46:51,239 [DEBUG] Searching for the next hop
2022-03-15 10:46:51,239 [DEBUG] Processing L2 frame
2022-03-15 10:46:51,239 [DEBUG] HMAC key
2022-03-15 10:46:51,239 [DEBUG] bytearray(b"\x9a\xe1y\xa1\xe3M\xaaj\x02\x8a\xc6\xeb\x1f\xc0\xd2^\xfcj\xb2\'\xdd{%av$\xaa\x97\x0c\xfd^\x95")
2022-03-15 10:46:51,239 [DEBUG] Cipher key
2022-03-15 10:46:51,239 [DEBUG] bytearray(b"\xe5\x01\x8e\xb9\xc8\x92\xc4\xb99kT3\x97\x19\x86Q\xd2\'L\x9b\x1e\xe7\x1c\xf7EI\\,\xb5\xbb8\xd1")
2022-03-15 10:46:51,239 [DEBUG] IV
2022-03-15 10:46:51,239 [DEBUG] [46, 162, 135, 148, 244, 81, 195, 99, 203, 171, 113, 93, 64, 104, 27, 223]
2022-03-15 10:46:51,239 [DEBUG] Length of the padded data 96
2022-03-15 10:46:51,240 [DEBUG] Padded data
2022-03-15 10:46:51,240 [DEBUG] [46, 162, 135, 148, 244, 81, 195, 99, 203, 171, 113, 93, 64, 104, 27, 223, 238, 17, 212, 15, 13, 215, 22, 255, 41, 102, 84, 251, 132, 22, 236, 162, 253, 137, 78, 105, 44, 24, 244, 224, 95, 192, 107, 246, 82, 52, 128, 150, 166, 56, 36, 61, 128, 195, 215, 70, 130, 1, 37, 250, 37, 62, 84, 232, 113, 96, 20, 85, 154, 73, 120, 84, 96, 105, 19, 230, 61, 74, 1, 193, 24, 23, 199, 222, 51, 162, 250, 154, 84, 61, 100, 230, 77, 61, 136, 128, 242, 216, 102, 242, 25, 4, 3, 70, 249, 255, 77, 54, 13, 118, 38, 154]
2022-03-15 10:46:51,240 [DEBUG] [238, 17, 212, 15, 13, 215, 22, 255, 41, 102, 84, 251, 132, 22, 236, 162, 253, 137, 78, 105, 44, 24, 244, 224, 95, 192, 107, 246, 82, 52, 128, 150, 166, 56, 36, 61, 128, 195, 215, 70, 130, 1, 37, 250, 37, 62, 84, 232, 113, 96, 20, 85, 154, 73, 120, 84, 96, 105, 19, 230, 61, 74, 1, 193, 24, 23, 199, 222, 51, 162, 250, 154, 84, 61, 100, 230, 77, 61, 136, 128, 242, 216, 102, 242, 25, 4, 3, 70, 249, 255, 77, 54, 13, 118, 38, 154]
2022-03-15 10:46:51,240 [DEBUG] Encrypted padded data
2022-03-15 10:46:51,240 [DEBUG] [51, 51, 0, 0, 0, 22, 182, 145, 12, 18, 117, 99, 134, 221, 96, 0, 0, 0, 0, 36, 0, 1, 254, 128, 0, 0, 0, 0, 0, 0, 180, 145, 12, 255, 254, 18, 117, 99, 255, 2, 0, 0, 0, 0, 0, 0, 0, 0, 0, 0, 0, 0, 0, 22, 58, 0, 5, 2, 0, 0, 1, 0, 143, 0, 198, 140, 0, 0, 0, 1, 4, 0, 0, 0, 255, 2, 0, 0, 0, 0, 0, 0, 0, 0, 0, 1, 255, 18, 117, 99, 1, 2, 3, 4, 4, 0]
2022-03-15 10:46:51,240 [DEBUG] Calculating ICV over IPSec packet
2022-03-15 10:46:51,240 [DEBUG] [172, 119, 151, 163, 0, 0, 0, 2, 46, 162, 135, 148, 244, 81, 195, 99, 203, 171, 113, 93, 64, 104, 27, 223, 238, 17, 212, 15, 13, 215, 22, 255, 41, 102, 84, 251, 132, 22, 236, 162, 253, 137, 78, 105, 44, 24, 244, 224, 95, 192, 107, 246, 82, 52, 128, 150, 166, 56, 36, 61, 128, 195, 215, 70, 130, 1, 37, 250, 37, 62, 84, 232, 113, 96, 20, 85, 154, 73, 120, 84, 96, 105, 19, 230, 61, 74, 1, 193, 24, 23, 199, 222, 51, 162, 250, 154, 84, 61, 100, 230, 77, 61, 136, 128, 242, 216, 102, 242, 25, 4, 3, 70, 249, 255, 77, 54, 13, 118, 38, 154]
2022-03-15 10:46:51,240 [DEBUG] Sending IPSEC packet to 192.168.3.1 172 bytes
2022-03-15 10:46:51,240 [DEBUG] Got data on Ethernet link...
2022-03-15 10:46:51,240 [DEBUG] bytearray(b'\xb6\x91\x0c\x12uc')
2022-03-15 10:46:51,241 [DEBUG] Searching for the next hop
2022-03-15 10:46:51,244 [DEBUG] Processing L2 frame
2022-03-15 10:46:51,244 [DEBUG] HMAC key
2022-03-15 10:46:51,244 [DEBUG] bytearray(b"\x9a\xe1y\xa1\xe3M\xaaj\x02\x8a\xc6\xeb\x1f\xc0\xd2^\xfcj\xb2\'\xdd{%av$\xaa\x97\x0c\xfd^\x95")
2022-03-15 10:46:51,244 [DEBUG] Cipher key
2022-03-15 10:46:51,245 [DEBUG] bytearray(b"\xe5\x01\x8e\xb9\xc8\x92\xc4\xb99kT3\x97\x19\x86Q\xd2\'L\x9b\x1e\xe7\x1c\xf7EI\\,\xb5\xbb8\xd1")
2022-03-15 10:46:51,245 [DEBUG] IV
2022-03-15 10:46:51,245 [DEBUG] [100, 15, 96, 44, 191, 56, 90, 3, 83, 225, 55, 136, 19, 197, 182, 12]
2022-03-15 10:46:51,245 [DEBUG] Length of the padded data 80
2022-03-15 10:46:51,245 [DEBUG] Padded data
2022-03-15 10:46:51,246 [DEBUG] [100, 15, 96, 44, 191, 56, 90, 3, 83, 225, 55, 136, 19, 197, 182, 12, 155, 32, 44, 157, 46, 6, 253, 180, 251, 87, 240, 17, 141, 81, 20, 185, 94, 112, 6, 55, 39, 183, 141, 132, 234, 151, 215, 114, 27, 99, 100, 190, 23, 236, 146, 183, 207, 242, 120, 87, 13, 181, 127, 142, 49, 148, 146, 135, 232, 15, 143, 82, 101, 223, 32, 244, 109, 0, 78, 146, 179, 216, 67, 154, 59, 252, 202, 250, 235, 143, 100, 37, 190, 156, 93, 110, 237, 142, 190, 177]
2022-03-15 10:46:51,246 [DEBUG] [155, 32, 44, 157, 46, 6, 253, 180, 251, 87, 240, 17, 141, 81, 20, 185, 94, 112, 6, 55, 39, 183, 141, 132, 234, 151, 215, 114, 27, 99, 100, 190, 23, 236, 146, 183, 207, 242, 120, 87, 13, 181, 127, 142, 49, 148, 146, 135, 232, 15, 143, 82, 101, 223, 32, 244, 109, 0, 78, 146, 179, 216, 67, 154, 59, 252, 202, 250, 235, 143, 100, 37, 190, 156, 93, 110, 237, 142, 190, 177]
2022-03-15 10:46:51,246 [DEBUG] Encrypted padded data
2022-03-15 10:46:51,246 [DEBUG] [51, 51, 0, 0, 0, 2, 182, 145, 12, 18, 117, 99, 134, 221, 96, 0, 0, 0, 0, 16, 58, 255, 254, 128, 0, 0, 0, 0, 0, 0, 180, 145, 12, 255, 254, 18, 117, 99, 255, 2, 0, 0, 0, 0, 0, 0, 0, 0, 0, 0, 0, 0, 0, 2, 133, 0, 15, 32, 0, 0, 0, 0, 1, 1, 182, 145, 12, 18, 117, 99, 1, 2, 3, 4, 5, 6, 7, 8, 8, 0]
2022-03-15 10:46:51,246 [DEBUG] Calculating ICV over IPSec packet
2022-03-15 10:46:51,246 [DEBUG] [172, 119, 151, 163, 0, 0, 0, 3, 100, 15, 96, 44, 191, 56, 90, 3, 83, 225, 55, 136, 19, 197, 182, 12, 155, 32, 44, 157, 46, 6, 253, 180, 251, 87, 240, 17, 141, 81, 20, 185, 94, 112, 6, 55, 39, 183, 141, 132, 234, 151, 215, 114, 27, 99, 100, 190, 23, 236, 146, 183, 207, 242, 120, 87, 13, 181, 127, 142, 49, 148, 146, 135, 232, 15, 143, 82, 101, 223, 32, 244, 109, 0, 78, 146, 179, 216, 67, 154, 59, 252, 202, 250, 235, 143, 100, 37, 190, 156, 93, 110, 237, 142, 190, 177]
2022-03-15 10:46:51,246 [DEBUG] Sending IPSEC packet to 192.168.3.1 156 bytes
2022-03-15 10:46:51,622 [DEBUG] Got data on Ethernet link...
2022-03-15 10:46:51,623 [DEBUG] bytearray(b'\xa2\x03@$\xd4\xd8')
2022-03-15 10:46:51,623 [DEBUG] Searching for the next hop
2022-03-15 10:46:51,623 [DEBUG] Processing L2 frame
2022-03-15 10:46:51,623 [DEBUG] HMAC key
2022-03-15 10:46:51,623 [DEBUG] bytearray(b"\x9a\xe1y\xa1\xe3M\xaaj\x02\x8a\xc6\xeb\x1f\xc0\xd2^\xfcj\xb2\'\xdd{%av$\xaa\x97\x0c\xfd^\x95")
2022-03-15 10:46:51,624 [DEBUG] Cipher key
2022-03-15 10:46:51,624 [DEBUG] bytearray(b"\xe5\x01\x8e\xb9\xc8\x92\xc4\xb99kT3\x97\x19\x86Q\xd2\'L\x9b\x1e\xe7\x1c\xf7EI\\,\xb5\xbb8\xd1")
2022-03-15 10:46:51,624 [DEBUG] IV
2022-03-15 10:46:51,624 [DEBUG] [4, 25, 68, 189, 139, 228, 80, 132, 22, 183, 225, 92, 98, 224, 160, 153]
2022-03-15 10:46:51,624 [DEBUG] Length of the padded data 96
2022-03-15 10:46:51,624 [DEBUG] Padded data
2022-03-15 10:46:51,624 [DEBUG] [4, 25, 68, 189, 139, 228, 80, 132, 22, 183, 225, 92, 98, 224, 160, 153, 137, 147, 131, 0, 55, 132, 187, 45, 139, 247, 238, 67, 164, 249, 32, 217, 75, 181, 115, 196, 187, 15, 252, 166, 17, 36, 96, 106, 130, 22, 39, 15, 188, 252, 24, 23, 200, 253, 5, 246, 52, 233, 226, 199, 183, 71, 159, 128, 96, 36, 191, 59, 98, 228, 215, 83, 86, 195, 112, 202, 142, 168, 109, 58, 66, 250, 190, 188, 54, 230, 85, 140, 197, 3, 71, 53, 59, 170, 165, 48, 125, 231, 66, 60, 210, 102, 75, 160, 40, 229, 115, 237, 116, 86, 45, 229]
2022-03-15 10:46:51,625 [DEBUG] [137, 147, 131, 0, 55, 132, 187, 45, 139, 247, 238, 67, 164, 249, 32, 217, 75, 181, 115, 196, 187, 15, 252, 166, 17, 36, 96, 106, 130, 22, 39, 15, 188, 252, 24, 23, 200, 253, 5, 246, 52, 233, 226, 199, 183, 71, 159, 128, 96, 36, 191, 59, 98, 228, 215, 83, 86, 195, 112, 202, 142, 168, 109, 58, 66, 250, 190, 188, 54, 230, 85, 140, 197, 3, 71, 53, 59, 170, 165, 48, 125, 231, 66, 60, 210, 102, 75, 160, 40, 229, 115, 237, 116, 86, 45, 229]
2022-03-15 10:46:51,625 [DEBUG] Encrypted padded data
2022-03-15 10:46:51,625 [DEBUG] [51, 51, 0, 0, 0, 22, 162, 3, 64, 36, 212, 216, 134, 221, 96, 0, 0, 0, 0, 36, 0, 1, 254, 128, 0, 0, 0, 0, 0, 0, 160, 3, 64, 255, 254, 36, 212, 216, 255, 2, 0, 0, 0, 0, 0, 0, 0, 0, 0, 0, 0, 0, 0, 22, 58, 0, 5, 2, 0, 0, 1, 0, 143, 0, 232, 11, 0, 0, 0, 1, 4, 0, 0, 0, 255, 2, 0, 0, 0, 0, 0, 0, 0, 0, 0, 1, 255, 36, 212, 216, 1, 2, 3, 4, 4, 0]
2022-03-15 10:46:51,625 [DEBUG] Calculating ICV over IPSec packet
2022-03-15 10:46:51,625 [DEBUG] [172, 119, 151, 163, 0, 0, 0, 4, 4, 25, 68, 189, 139, 228, 80, 132, 22, 183, 225, 92, 98, 224, 160, 153, 137, 147, 131, 0, 55, 132, 187, 45, 139, 247, 238, 67, 164, 249, 32, 217, 75, 181, 115, 196, 187, 15, 252, 166, 17, 36, 96, 106, 130, 22, 39, 15, 188, 252, 24, 23, 200, 253, 5, 246, 52, 233, 226, 199, 183, 71, 159, 128, 96, 36, 191, 59, 98, 228, 215, 83, 86, 195, 112, 202, 142, 168, 109, 58, 66, 250, 190, 188, 54, 230, 85, 140, 197, 3, 71, 53, 59, 170, 165, 48, 125, 231, 66, 60, 210, 102, 75, 160, 40, 229, 115, 237, 116, 86, 45, 229]
2022-03-15 10:46:51,626 [DEBUG] Sending IPSEC packet to 192.168.3.1 172 bytes
2022-03-15 10:46:51,626 [DEBUG] Got data on Ethernet link...
2022-03-15 10:46:51,626 [DEBUG] bytearray(b'\xa2\x03@$\xd4\xd8')
2022-03-15 10:46:51,626 [DEBUG] Searching for the next hop
2022-03-15 10:46:51,626 [DEBUG] Processing L2 frame
2022-03-15 10:46:51,627 [DEBUG] HMAC key
2022-03-15 10:46:51,627 [DEBUG] bytearray(b"\x9a\xe1y\xa1\xe3M\xaaj\x02\x8a\xc6\xeb\x1f\xc0\xd2^\xfcj\xb2\'\xdd{%av$\xaa\x97\x0c\xfd^\x95")
2022-03-15 10:46:51,627 [DEBUG] Cipher key
2022-03-15 10:46:51,627 [DEBUG] bytearray(b"\xe5\x01\x8e\xb9\xc8\x92\xc4\xb99kT3\x97\x19\x86Q\xd2\'L\x9b\x1e\xe7\x1c\xf7EI\\,\xb5\xbb8\xd1")
2022-03-15 10:46:51,627 [DEBUG] IV
2022-03-15 10:46:51,627 [DEBUG] [127, 150, 103, 80, 238, 28, 184, 213, 1, 154, 43, 177, 113, 139, 115, 238]
2022-03-15 10:46:51,627 [DEBUG] Length of the padded data 80
2022-03-15 10:46:51,627 [DEBUG] Padded data
2022-03-15 10:46:51,627 [DEBUG] [127, 150, 103, 80, 238, 28, 184, 213, 1, 154, 43, 177, 113, 139, 115, 238, 206, 175, 26, 181, 217, 100, 230, 0, 159, 30, 57, 144, 74, 246, 222, 246, 0, 100, 89, 60, 211, 40, 140, 193, 141, 16, 236, 19, 204, 27, 76, 236, 236, 121, 202, 88, 148, 210, 42, 242, 108, 140, 198, 54, 81, 172, 144, 173, 151, 34, 180, 251, 60, 135, 197, 19, 177, 191, 56, 15, 78, 169, 149, 139, 17, 229, 149, 92, 21, 194, 3, 131, 245, 145, 160, 226, 31, 144, 206, 76]
2022-03-15 10:46:51,627 [DEBUG] [206, 175, 26, 181, 217, 100, 230, 0, 159, 30, 57, 144, 74, 246, 222, 246, 0, 100, 89, 60, 211, 40, 140, 193, 141, 16, 236, 19, 204, 27, 76, 236, 236, 121, 202, 88, 148, 210, 42, 242, 108, 140, 198, 54, 81, 172, 144, 173, 151, 34, 180, 251, 60, 135, 197, 19, 177, 191, 56, 15, 78, 169, 149, 139, 17, 229, 149, 92, 21, 194, 3, 131, 245, 145, 160, 226, 31, 144, 206, 76]
2022-03-15 10:46:51,627 [DEBUG] Encrypted padded data
2022-03-15 10:46:51,627 [DEBUG] [51, 51, 0, 0, 0, 2, 162, 3, 64, 36, 212, 216, 134, 221, 96, 0, 0, 0, 0, 16, 58, 255, 254, 128, 0, 0, 0, 0, 0, 0, 160, 3, 64, 255, 254, 36, 212, 216, 255, 2, 0, 0, 0, 0, 0, 0, 0, 0, 0, 0, 0, 0, 0, 2, 133, 0, 17, 45, 0, 0, 0, 0, 1, 1, 162, 3, 64, 36, 212, 216, 1, 2, 3, 4, 5, 6, 7, 8, 8, 0]
2022-03-15 10:46:51,627 [DEBUG] Calculating ICV over IPSec packet
2022-03-15 10:46:51,628 [DEBUG] [172, 119, 151, 163, 0, 0, 0, 5, 127, 150, 103, 80, 238, 28, 184, 213, 1, 154, 43, 177, 113, 139, 115, 238, 206, 175, 26, 181, 217, 100, 230, 0, 159, 30, 57, 144, 74, 246, 222, 246, 0, 100, 89, 60, 211, 40, 140, 193, 141, 16, 236, 19, 204, 27, 76, 236, 236, 121, 202, 88, 148, 210, 42, 242, 108, 140, 198, 54, 81, 172, 144, 173, 151, 34, 180, 251, 60, 135, 197, 19, 177, 191, 56, 15, 78, 169, 149, 139, 17, 229, 149, 92, 21, 194, 3, 131, 245, 145, 160, 226, 31, 144, 206, 76]
2022-03-15 10:46:51,628 [DEBUG] Sending IPSEC packet to 192.168.3.1 156 bytes
2022-03-15 10:46:51,783 [DEBUG] Got data on Ethernet link...
2022-03-15 10:46:51,783 [DEBUG] bytearray(b'\xb6\x91\x0c\x12uc')
2022-03-15 10:46:51,783 [DEBUG] Searching for the next hop
2022-03-15 10:46:51,783 [DEBUG] Processing L2 frame
2022-03-15 10:46:51,784 [DEBUG] HMAC key
2022-03-15 10:46:51,784 [DEBUG] bytearray(b"\x9a\xe1y\xa1\xe3M\xaaj\x02\x8a\xc6\xeb\x1f\xc0\xd2^\xfcj\xb2\'\xdd{%av$\xaa\x97\x0c\xfd^\x95")
2022-03-15 10:46:51,784 [DEBUG] Cipher key
2022-03-15 10:46:51,784 [DEBUG] bytearray(b"\xe5\x01\x8e\xb9\xc8\x92\xc4\xb99kT3\x97\x19\x86Q\xd2\'L\x9b\x1e\xe7\x1c\xf7EI\\,\xb5\xbb8\xd1")
2022-03-15 10:46:51,784 [DEBUG] IV
2022-03-15 10:46:51,784 [DEBUG] [70, 189, 213, 228, 115, 171, 188, 99, 136, 114, 172, 13, 61, 69, 4, 156]
2022-03-15 10:46:51,784 [DEBUG] Length of the padded data 96
2022-03-15 10:46:51,784 [DEBUG] Padded data
2022-03-15 10:46:51,785 [DEBUG] [70, 189, 213, 228, 115, 171, 188, 99, 136, 114, 172, 13, 61, 69, 4, 156, 123, 11, 158, 145, 166, 167, 70, 26, 106, 215, 54, 32, 6, 169, 179, 198, 9, 90, 43, 183, 137, 64, 178, 90, 11, 180, 85, 92, 238, 38, 89, 176, 44, 23, 223, 35, 191, 127, 214, 206, 29, 202, 216, 99, 74, 191, 167, 215, 4, 141, 175, 244, 64, 198, 221, 238, 163, 160, 250, 222, 69, 68, 81, 213, 93, 107, 122, 171, 26, 55, 172, 146, 34, 121, 91, 18, 229, 101, 66, 217, 66, 4, 188, 163, 230, 246, 28, 160, 148, 226, 202, 5, 62, 75, 78, 22]
2022-03-15 10:46:51,785 [DEBUG] [123, 11, 158, 145, 166, 167, 70, 26, 106, 215, 54, 32, 6, 169, 179, 198, 9, 90, 43, 183, 137, 64, 178, 90, 11, 180, 85, 92, 238, 38, 89, 176, 44, 23, 223, 35, 191, 127, 214, 206, 29, 202, 216, 99, 74, 191, 167, 215, 4, 141, 175, 244, 64, 198, 221, 238, 163, 160, 250, 222, 69, 68, 81, 213, 93, 107, 122, 171, 26, 55, 172, 146, 34, 121, 91, 18, 229, 101, 66, 217, 66, 4, 188, 163, 230, 246, 28, 160, 148, 226, 202, 5, 62, 75, 78, 22]
2022-03-15 10:46:51,785 [DEBUG] Encrypted padded data
2022-03-15 10:46:51,785 [DEBUG] [51, 51, 0, 0, 0, 22, 182, 145, 12, 18, 117, 99, 134, 221, 96, 0, 0, 0, 0, 36, 0, 1, 254, 128, 0, 0, 0, 0, 0, 0, 180, 145, 12, 255, 254, 18, 117, 99, 255, 2, 0, 0, 0, 0, 0, 0, 0, 0, 0, 0, 0, 0, 0, 22, 58, 0, 5, 2, 0, 0, 1, 0, 143, 0, 198, 140, 0, 0, 0, 1, 4, 0, 0, 0, 255, 2, 0, 0, 0, 0, 0, 0, 0, 0, 0, 1, 255, 18, 117, 99, 1, 2, 3, 4, 4, 0]
2022-03-15 10:46:51,785 [DEBUG] Calculating ICV over IPSec packet
2022-03-15 10:46:51,785 [DEBUG] [172, 119, 151, 163, 0, 0, 0, 6, 70, 189, 213, 228, 115, 171, 188, 99, 136, 114, 172, 13, 61, 69, 4, 156, 123, 11, 158, 145, 166, 167, 70, 26, 106, 215, 54, 32, 6, 169, 179, 198, 9, 90, 43, 183, 137, 64, 178, 90, 11, 180, 85, 92, 238, 38, 89, 176, 44, 23, 223, 35, 191, 127, 214, 206, 29, 202, 216, 99, 74, 191, 167, 215, 4, 141, 175, 244, 64, 198, 221, 238, 163, 160, 250, 222, 69, 68, 81, 213, 93, 107, 122, 171, 26, 55, 172, 146, 34, 121, 91, 18, 229, 101, 66, 217, 66, 4, 188, 163, 230, 246, 28, 160, 148, 226, 202, 5, 62, 75, 78, 22]
2022-03-15 10:46:51,786 [DEBUG] Sending IPSEC packet to 192.168.3.1 172 bytes
2022-03-15 10:46:52,615 [DEBUG] Got data on Ethernet link...
2022-03-15 10:46:52,615 [DEBUG] bytearray(b'\xa2\x03@$\xd4\xd8')
2022-03-15 10:46:52,615 [DEBUG] Searching for the next hop
2022-03-15 10:46:52,615 [DEBUG] Processing L2 frame
2022-03-15 10:46:52,616 [DEBUG] HMAC key
2022-03-15 10:46:52,616 [DEBUG] bytearray(b"\x9a\xe1y\xa1\xe3M\xaaj\x02\x8a\xc6\xeb\x1f\xc0\xd2^\xfcj\xb2\'\xdd{%av$\xaa\x97\x0c\xfd^\x95")
2022-03-15 10:46:52,616 [DEBUG] Cipher key
2022-03-15 10:46:52,616 [DEBUG] bytearray(b"\xe5\x01\x8e\xb9\xc8\x92\xc4\xb99kT3\x97\x19\x86Q\xd2\'L\x9b\x1e\xe7\x1c\xf7EI\\,\xb5\xbb8\xd1")
2022-03-15 10:46:52,616 [DEBUG] IV
2022-03-15 10:46:52,616 [DEBUG] [58, 186, 110, 205, 194, 238, 42, 227, 72, 194, 61, 30, 185, 2, 127, 100]
2022-03-15 10:46:52,616 [DEBUG] Length of the padded data 96
2022-03-15 10:46:52,617 [DEBUG] Padded data
2022-03-15 10:46:52,617 [DEBUG] [58, 186, 110, 205, 194, 238, 42, 227, 72, 194, 61, 30, 185, 2, 127, 100, 220, 184, 211, 41, 63, 133, 46, 137, 68, 168, 176, 218, 175, 25, 26, 222, 188, 49, 178, 128, 35, 73, 33, 229, 126, 141, 133, 129, 250, 217, 214, 129, 41, 208, 115, 142, 205, 74, 203, 102, 9, 39, 27, 12, 209, 101, 233, 166, 243, 102, 170, 139, 114, 60, 15, 16, 253, 28, 105, 43, 3, 247, 248, 13, 114, 126, 161, 24, 103, 30, 226, 178, 116, 210, 151, 186, 19, 178, 149, 17, 12, 77, 178, 128, 137, 195, 187, 137, 166, 208, 125, 206, 68, 10, 98, 39]
2022-03-15 10:46:52,617 [DEBUG] [220, 184, 211, 41, 63, 133, 46, 137, 68, 168, 176, 218, 175, 25, 26, 222, 188, 49, 178, 128, 35, 73, 33, 229, 126, 141, 133, 129, 250, 217, 214, 129, 41, 208, 115, 142, 205, 74, 203, 102, 9, 39, 27, 12, 209, 101, 233, 166, 243, 102, 170, 139, 114, 60, 15, 16, 253, 28, 105, 43, 3, 247, 248, 13, 114, 126, 161, 24, 103, 30, 226, 178, 116, 210, 151, 186, 19, 178, 149, 17, 12, 77, 178, 128, 137, 195, 187, 137, 166, 208, 125, 206, 68, 10, 98, 39]
2022-03-15 10:46:52,617 [DEBUG] Encrypted padded data
2022-03-15 10:46:52,617 [DEBUG] [51, 51, 0, 0, 0, 22, 162, 3, 64, 36, 212, 216, 134, 221, 96, 0, 0, 0, 0, 36, 0, 1, 254, 128, 0, 0, 0, 0, 0, 0, 160, 3, 64, 255, 254, 36, 212, 216, 255, 2, 0, 0, 0, 0, 0, 0, 0, 0, 0, 0, 0, 0, 0, 22, 58, 0, 5, 2, 0, 0, 1, 0, 143, 0, 232, 11, 0, 0, 0, 1, 4, 0, 0, 0, 255, 2, 0, 0, 0, 0, 0, 0, 0, 0, 0, 1, 255, 36, 212, 216, 1, 2, 3, 4, 4, 0]
2022-03-15 10:46:52,617 [DEBUG] Calculating ICV over IPSec packet
2022-03-15 10:46:52,618 [DEBUG] [172, 119, 151, 163, 0, 0, 0, 7, 58, 186, 110, 205, 194, 238, 42, 227, 72, 194, 61, 30, 185, 2, 127, 100, 220, 184, 211, 41, 63, 133, 46, 137, 68, 168, 176, 218, 175, 25, 26, 222, 188, 49, 178, 128, 35, 73, 33, 229, 126, 141, 133, 129, 250, 217, 214, 129, 41, 208, 115, 142, 205, 74, 203, 102, 9, 39, 27, 12, 209, 101, 233, 166, 243, 102, 170, 139, 114, 60, 15, 16, 253, 28, 105, 43, 3, 247, 248, 13, 114, 126, 161, 24, 103, 30, 226, 178, 116, 210, 151, 186, 19, 178, 149, 17, 12, 77, 178, 128, 137, 195, 187, 137, 166, 208, 125, 206, 68, 10, 98, 39]
2022-03-15 10:46:52,618 [DEBUG] Sending IPSEC packet to 192.168.3.1 172 bytes
2022-03-15 10:46:55,465 [DEBUG] Got data on Ethernet link...
2022-03-15 10:46:55,465 [DEBUG] bytearray(b'\xa2\x03@$\xd4\xd8')
2022-03-15 10:46:55,465 [DEBUG] Searching for the next hop
2022-03-15 10:46:55,465 [DEBUG] Processing L2 frame
2022-03-15 10:46:55,466 [DEBUG] HMAC key
2022-03-15 10:46:55,466 [DEBUG] bytearray(b"\x9a\xe1y\xa1\xe3M\xaaj\x02\x8a\xc6\xeb\x1f\xc0\xd2^\xfcj\xb2\'\xdd{%av$\xaa\x97\x0c\xfd^\x95")
2022-03-15 10:46:55,466 [DEBUG] Cipher key
2022-03-15 10:46:55,467 [DEBUG] bytearray(b"\xe5\x01\x8e\xb9\xc8\x92\xc4\xb99kT3\x97\x19\x86Q\xd2\'L\x9b\x1e\xe7\x1c\xf7EI\\,\xb5\xbb8\xd1")
2022-03-15 10:46:55,467 [DEBUG] IV
2022-03-15 10:46:55,467 [DEBUG] [226, 31, 25, 128, 104, 203, 119, 124, 3, 200, 161, 27, 18, 155, 75, 45]
2022-03-15 10:46:55,468 [DEBUG] Length of the padded data 80
2022-03-15 10:46:55,468 [DEBUG] Padded data
2022-03-15 10:46:55,468 [DEBUG] [226, 31, 25, 128, 104, 203, 119, 124, 3, 200, 161, 27, 18, 155, 75, 45, 56, 115, 198, 137, 231, 163, 143, 51, 101, 247, 66, 114, 117, 162, 133, 2, 48, 191, 247, 208, 152, 69, 74, 19, 185, 41, 216, 206, 180, 68, 213, 105, 130, 162, 198, 108, 66, 155, 200, 92, 120, 187, 252, 122, 2, 143, 40, 25, 93, 102, 175, 167, 142, 125, 48, 137, 52, 63, 59, 141, 235, 17, 225, 246, 120, 192, 176, 18, 70, 20, 233, 13, 55, 229, 64, 252, 159, 160, 187, 240]
2022-03-15 10:46:55,468 [DEBUG] [56, 115, 198, 137, 231, 163, 143, 51, 101, 247, 66, 114, 117, 162, 133, 2, 48, 191, 247, 208, 152, 69, 74, 19, 185, 41, 216, 206, 180, 68, 213, 105, 130, 162, 198, 108, 66, 155, 200, 92, 120, 187, 252, 122, 2, 143, 40, 25, 93, 102, 175, 167, 142, 125, 48, 137, 52, 63, 59, 141, 235, 17, 225, 246, 120, 192, 176, 18, 70, 20, 233, 13, 55, 229, 64, 252, 159, 160, 187, 240]
2022-03-15 10:46:55,468 [DEBUG] Encrypted padded data
2022-03-15 10:46:55,468 [DEBUG] [51, 51, 0, 0, 0, 2, 162, 3, 64, 36, 212, 216, 134, 221, 96, 0, 0, 0, 0, 16, 58, 255, 254, 128, 0, 0, 0, 0, 0, 0, 160, 3, 64, 255, 254, 36, 212, 216, 255, 2, 0, 0, 0, 0, 0, 0, 0, 0, 0, 0, 0, 0, 0, 2, 133, 0, 17, 45, 0, 0, 0, 0, 1, 1, 162, 3, 64, 36, 212, 216, 1, 2, 3, 4, 5, 6, 7, 8, 8, 0]
2022-03-15 10:46:55,468 [DEBUG] Calculating ICV over IPSec packet
2022-03-15 10:46:55,468 [DEBUG] [172, 119, 151, 163, 0, 0, 0, 8, 226, 31, 25, 128, 104, 203, 119, 124, 3, 200, 161, 27, 18, 155, 75, 45, 56, 115, 198, 137, 231, 163, 143, 51, 101, 247, 66, 114, 117, 162, 133, 2, 48, 191, 247, 208, 152, 69, 74, 19, 185, 41, 216, 206, 180, 68, 213, 105, 130, 162, 198, 108, 66, 155, 200, 92, 120, 187, 252, 122, 2, 143, 40, 25, 93, 102, 175, 167, 142, 125, 48, 137, 52, 63, 59, 141, 235, 17, 225, 246, 120, 192, 176, 18, 70, 20, 233, 13, 55, 229, 64, 252, 159, 160, 187, 240]
2022-03-15 10:46:55,470 [DEBUG] Sending IPSEC packet to 192.168.3.1 156 bytes
2022-03-15 10:46:55,718 [DEBUG] Got data on Ethernet link...
2022-03-15 10:46:55,718 [DEBUG] bytearray(b'\xb6\x91\x0c\x12uc')
2022-03-15 10:46:55,718 [DEBUG] Searching for the next hop
2022-03-15 10:46:55,718 [DEBUG] Processing L2 frame
2022-03-15 10:46:55,719 [DEBUG] HMAC key
2022-03-15 10:46:55,719 [DEBUG] bytearray(b"\x9a\xe1y\xa1\xe3M\xaaj\x02\x8a\xc6\xeb\x1f\xc0\xd2^\xfcj\xb2\'\xdd{%av$\xaa\x97\x0c\xfd^\x95")
2022-03-15 10:46:55,719 [DEBUG] Cipher key
2022-03-15 10:46:55,719 [DEBUG] bytearray(b"\xe5\x01\x8e\xb9\xc8\x92\xc4\xb99kT3\x97\x19\x86Q\xd2\'L\x9b\x1e\xe7\x1c\xf7EI\\,\xb5\xbb8\xd1")
2022-03-15 10:46:55,719 [DEBUG] IV
2022-03-15 10:46:55,719 [DEBUG] [205, 26, 205, 69, 183, 150, 18, 123, 39, 29, 3, 20, 90, 161, 217, 13]
2022-03-15 10:46:55,719 [DEBUG] Length of the padded data 80
2022-03-15 10:46:55,720 [DEBUG] Padded data
2022-03-15 10:46:55,720 [DEBUG] [205, 26, 205, 69, 183, 150, 18, 123, 39, 29, 3, 20, 90, 161, 217, 13, 210, 86, 13, 74, 163, 220, 48, 23, 72, 145, 230, 250, 109, 244, 139, 11, 48, 92, 44, 212, 57, 12, 65, 251, 110, 197, 226, 59, 42, 237, 177, 69, 121, 228, 80, 144, 170, 130, 146, 209, 36, 19, 179, 5, 195, 52, 241, 166, 37, 240, 60, 99, 225, 149, 135, 74, 52, 102, 86, 48, 128, 228, 154, 191, 160, 254, 245, 6, 66, 107, 145, 230, 68, 34, 151, 196, 61, 202, 181, 217]
2022-03-15 10:46:55,720 [DEBUG] [210, 86, 13, 74, 163, 220, 48, 23, 72, 145, 230, 250, 109, 244, 139, 11, 48, 92, 44, 212, 57, 12, 65, 251, 110, 197, 226, 59, 42, 237, 177, 69, 121, 228, 80, 144, 170, 130, 146, 209, 36, 19, 179, 5, 195, 52, 241, 166, 37, 240, 60, 99, 225, 149, 135, 74, 52, 102, 86, 48, 128, 228, 154, 191, 160, 254, 245, 6, 66, 107, 145, 230, 68, 34, 151, 196, 61, 202, 181, 217]
2022-03-15 10:46:55,720 [DEBUG] Encrypted padded data
2022-03-15 10:46:55,720 [DEBUG] [51, 51, 0, 0, 0, 2, 182, 145, 12, 18, 117, 99, 134, 221, 96, 0, 0, 0, 0, 16, 58, 255, 254, 128, 0, 0, 0, 0, 0, 0, 180, 145, 12, 255, 254, 18, 117, 99, 255, 2, 0, 0, 0, 0, 0, 0, 0, 0, 0, 0, 0, 0, 0, 2, 133, 0, 15, 32, 0, 0, 0, 0, 1, 1, 182, 145, 12, 18, 117, 99, 1, 2, 3, 4, 5, 6, 7, 8, 8, 0]
2022-03-15 10:46:55,720 [DEBUG] Calculating ICV over IPSec packet
2022-03-15 10:46:55,720 [DEBUG] [172, 119, 151, 163, 0, 0, 0, 9, 205, 26, 205, 69, 183, 150, 18, 123, 39, 29, 3, 20, 90, 161, 217, 13, 210, 86, 13, 74, 163, 220, 48, 23, 72, 145, 230, 250, 109, 244, 139, 11, 48, 92, 44, 212, 57, 12, 65, 251, 110, 197, 226, 59, 42, 237, 177, 69, 121, 228, 80, 144, 170, 130, 146, 209, 36, 19, 179, 5, 195, 52, 241, 166, 37, 240, 60, 99, 225, 149, 135, 74, 52, 102, 86, 48, 128, 228, 154, 191, 160, 254, 245, 6, 66, 107, 145, 230, 68, 34, 151, 196, 61, 202, 181, 217]
2022-03-15 10:46:55,723 [DEBUG] Sending IPSEC packet to 192.168.3.1 156 bytes
2022-03-15 10:46:59,776 [DEBUG] Reponder's HIT 2001:2001:6f4a:5a81:0852:f345:e88f:dcfd 
2022-03-15 10:46:59,777 [DEBUG] Initiator's HIT 2001:2001:beb4:d8be:ae47:f4dc:93e3:c6ac 
2022-03-15 10:46:59,778 [DEBUG] Using Responders's HMAC algorithm 1
2022-03-15 10:46:59,779 [DEBUG] Source HIT 2001:2001:beb4:d8be:ae47:f4dc:93e3:c6ac 
2022-03-15 10:46:59,779 [DEBUG] Destination HIT 2001:2001:6f4a:5a81:0852:f345:e88f:dcfd 
2022-03-15 10:46:59,778 [INFO] UPDATE packet
2022-03-15 10:46:59,780 [DEBUG] Reponder's HIT 2001:2001:beb4:d8be:ae47:f4dc:93e3:c6ac 
2022-03-15 10:46:59,780 [DEBUG] Initiator's HIT 2001:2001:6f4a:5a81:0852:f345:e88f:dcfd 
2022-03-15 10:46:59,781 [DEBUG] Reponder's HMAC algorithm 1
2022-03-15 10:46:59,781 [DEBUG] Sequence parameter
2022-03-15 10:46:59,781 [DEBUG] MAC parameter
2022-03-15 10:46:59,781 [DEBUG] Signature parameter
2022-03-15 10:46:59,783 [DEBUG] Signature is correct
2022-03-15 10:46:59,787 [DEBUG] Sending UPDATE PACKET packet 192.168.3.1
2022-03-15 10:46:59,788 [DEBUG] ...Periodic cleaning task...
2022-03-15 10:46:59,790 [DEBUG] Sending UPDATE ACK packet 192.168.3.1
2022-03-15 10:46:59,790 [DEBUG] Got HIP packet on the interface
2022-03-15 10:46:59,800 [INFO] UPDATE packet
2022-03-15 10:46:59,800 [DEBUG] Reponder's HIT 2001:2001:beb4:d8be:ae47:f4dc:93e3:c6ac 
2022-03-15 10:46:59,800 [DEBUG] Initiator's HIT 2001:2001:6f4a:5a81:0852:f345:e88f:dcfd 
2022-03-15 10:46:59,800 [DEBUG] Reponder's HMAC algorithm 1
2022-03-15 10:46:59,800 [DEBUG] Acknowledgement parameter
2022-03-15 10:46:59,800 [DEBUG] MAC parameter
2022-03-15 10:46:59,800 [DEBUG] Signature parameter
2022-03-15 10:46:59,802 [DEBUG] Signature is correct
2022-03-15 10:46:59,802 [DEBUG] This is a response to a UPDATE. Skipping pong...
2022-03-15 10:46:59,802 [DEBUG] Got HIP packet on the interface
2022-03-15 10:47:03,146 [DEBUG] Got data on Ethernet link...
2022-03-15 10:47:03,147 [DEBUG] bytearray(b'\xa2\x03@$\xd4\xd8')
2022-03-15 10:47:03,147 [DEBUG] Searching for the next hop
2022-03-15 10:47:03,147 [DEBUG] Processing L2 frame
2022-03-15 10:47:03,148 [DEBUG] HMAC key
2022-03-15 10:47:03,148 [DEBUG] bytearray(b"\x9a\xe1y\xa1\xe3M\xaaj\x02\x8a\xc6\xeb\x1f\xc0\xd2^\xfcj\xb2\'\xdd{%av$\xaa\x97\x0c\xfd^\x95")
2022-03-15 10:47:03,148 [DEBUG] Cipher key
2022-03-15 10:47:03,148 [DEBUG] bytearray(b"\xe5\x01\x8e\xb9\xc8\x92\xc4\xb99kT3\x97\x19\x86Q\xd2\'L\x9b\x1e\xe7\x1c\xf7EI\\,\xb5\xbb8\xd1")
2022-03-15 10:47:03,148 [DEBUG] IV
2022-03-15 10:47:03,148 [DEBUG] [249, 68, 220, 42, 18, 148, 30, 26, 54, 143, 1, 163, 11, 153, 151, 57]
2022-03-15 10:47:03,148 [DEBUG] Length of the padded data 80
2022-03-15 10:47:03,149 [DEBUG] Padded data
2022-03-15 10:47:03,150 [DEBUG] [249, 68, 220, 42, 18, 148, 30, 26, 54, 143, 1, 163, 11, 153, 151, 57, 19, 8, 99, 118, 31, 235, 148, 129, 40, 190, 212, 46, 211, 120, 158, 233, 202, 49, 99, 130, 63, 99, 89, 101, 172, 33, 54, 159, 159, 215, 9, 223, 11, 32, 40, 202, 89, 246, 61, 29, 70, 49, 60, 4, 70, 185, 180, 236, 232, 171, 250, 16, 70, 92, 248, 76, 180, 138, 50, 244, 119, 72, 100, 136, 155, 13, 37, 210, 59, 152, 199, 199, 105, 63, 131, 210, 250, 20, 233, 130]
2022-03-15 10:47:03,150 [DEBUG] [19, 8, 99, 118, 31, 235, 148, 129, 40, 190, 212, 46, 211, 120, 158, 233, 202, 49, 99, 130, 63, 99, 89, 101, 172, 33, 54, 159, 159, 215, 9, 223, 11, 32, 40, 202, 89, 246, 61, 29, 70, 49, 60, 4, 70, 185, 180, 236, 232, 171, 250, 16, 70, 92, 248, 76, 180, 138, 50, 244, 119, 72, 100, 136, 155, 13, 37, 210, 59, 152, 199, 199, 105, 63, 131, 210, 250, 20, 233, 130]
2022-03-15 10:47:03,150 [DEBUG] Encrypted padded data
2022-03-15 10:47:03,150 [DEBUG] [51, 51, 0, 0, 0, 2, 162, 3, 64, 36, 212, 216, 134, 221, 96, 0, 0, 0, 0, 16, 58, 255, 254, 128, 0, 0, 0, 0, 0, 0, 160, 3, 64, 255, 254, 36, 212, 216, 255, 2, 0, 0, 0, 0, 0, 0, 0, 0, 0, 0, 0, 0, 0, 2, 133, 0, 17, 45, 0, 0, 0, 0, 1, 1, 162, 3, 64, 36, 212, 216, 1, 2, 3, 4, 5, 6, 7, 8, 8, 0]
2022-03-15 10:47:03,150 [DEBUG] Calculating ICV over IPSec packet
2022-03-15 10:47:03,150 [DEBUG] [172, 119, 151, 163, 0, 0, 0, 10, 249, 68, 220, 42, 18, 148, 30, 26, 54, 143, 1, 163, 11, 153, 151, 57, 19, 8, 99, 118, 31, 235, 148, 129, 40, 190, 212, 46, 211, 120, 158, 233, 202, 49, 99, 130, 63, 99, 89, 101, 172, 33, 54, 159, 159, 215, 9, 223, 11, 32, 40, 202, 89, 246, 61, 29, 70, 49, 60, 4, 70, 185, 180, 236, 232, 171, 250, 16, 70, 92, 248, 76, 180, 138, 50, 244, 119, 72, 100, 136, 155, 13, 37, 210, 59, 152, 199, 199, 105, 63, 131, 210, 250, 20, 233, 130]
2022-03-15 10:47:03,151 [DEBUG] Sending IPSEC packet to 192.168.3.1 156 bytes
2022-03-15 10:47:04,166 [DEBUG] Got data on Ethernet link...
2022-03-15 10:47:04,166 [DEBUG] bytearray(b'\xb6\x91\x0c\x12uc')
2022-03-15 10:47:04,166 [DEBUG] Searching for the next hop
2022-03-15 10:47:04,166 [DEBUG] Processing L2 frame
2022-03-15 10:47:04,167 [DEBUG] HMAC key
2022-03-15 10:47:04,167 [DEBUG] bytearray(b"\x9a\xe1y\xa1\xe3M\xaaj\x02\x8a\xc6\xeb\x1f\xc0\xd2^\xfcj\xb2\'\xdd{%av$\xaa\x97\x0c\xfd^\x95")
2022-03-15 10:47:04,167 [DEBUG] Cipher key
2022-03-15 10:47:04,167 [DEBUG] bytearray(b"\xe5\x01\x8e\xb9\xc8\x92\xc4\xb99kT3\x97\x19\x86Q\xd2\'L\x9b\x1e\xe7\x1c\xf7EI\\,\xb5\xbb8\xd1")
2022-03-15 10:47:04,167 [DEBUG] IV
2022-03-15 10:47:04,167 [DEBUG] [239, 105, 151, 59, 52, 249, 195, 123, 202, 184, 217, 103, 145, 120, 18, 142]
2022-03-15 10:47:04,167 [DEBUG] Length of the padded data 80
2022-03-15 10:47:04,168 [DEBUG] Padded data
2022-03-15 10:47:04,168 [DEBUG] [239, 105, 151, 59, 52, 249, 195, 123, 202, 184, 217, 103, 145, 120, 18, 142, 71, 169, 165, 243, 115, 185, 98, 224, 19, 238, 6, 164, 32, 84, 222, 15, 105, 236, 107, 37, 100, 199, 32, 253, 53, 244, 228, 94, 204, 227, 125, 130, 215, 7, 209, 142, 31, 166, 52, 133, 220, 1, 80, 125, 122, 200, 213, 220, 171, 175, 51, 195, 115, 75, 99, 22, 240, 135, 22, 130, 3, 119, 196, 227, 36, 246, 154, 92, 101, 47, 82, 164, 137, 58, 252, 186, 26, 156, 231, 181]
2022-03-15 10:47:04,168 [DEBUG] [71, 169, 165, 243, 115, 185, 98, 224, 19, 238, 6, 164, 32, 84, 222, 15, 105, 236, 107, 37, 100, 199, 32, 253, 53, 244, 228, 94, 204, 227, 125, 130, 215, 7, 209, 142, 31, 166, 52, 133, 220, 1, 80, 125, 122, 200, 213, 220, 171, 175, 51, 195, 115, 75, 99, 22, 240, 135, 22, 130, 3, 119, 196, 227, 36, 246, 154, 92, 101, 47, 82, 164, 137, 58, 252, 186, 26, 156, 231, 181]
2022-03-15 10:47:04,173 [DEBUG] Encrypted padded data
2022-03-15 10:47:04,173 [DEBUG] [51, 51, 0, 0, 0, 2, 182, 145, 12, 18, 117, 99, 134, 221, 96, 0, 0, 0, 0, 16, 58, 255, 254, 128, 0, 0, 0, 0, 0, 0, 180, 145, 12, 255, 254, 18, 117, 99, 255, 2, 0, 0, 0, 0, 0, 0, 0, 0, 0, 0, 0, 0, 0, 2, 133, 0, 15, 32, 0, 0, 0, 0, 1, 1, 182, 145, 12, 18, 117, 99, 1, 2, 3, 4, 5, 6, 7, 8, 8, 0]
2022-03-15 10:47:04,173 [DEBUG] Calculating ICV over IPSec packet
2022-03-15 10:47:04,173 [DEBUG] [172, 119, 151, 163, 0, 0, 0, 11, 239, 105, 151, 59, 52, 249, 195, 123, 202, 184, 217, 103, 145, 120, 18, 142, 71, 169, 165, 243, 115, 185, 98, 224, 19, 238, 6, 164, 32, 84, 222, 15, 105, 236, 107, 37, 100, 199, 32, 253, 53, 244, 228, 94, 204, 227, 125, 130, 215, 7, 209, 142, 31, 166, 52, 133, 220, 1, 80, 125, 122, 200, 213, 220, 171, 175, 51, 195, 115, 75, 99, 22, 240, 135, 22, 130, 3, 119, 196, 227, 36, 246, 154, 92, 101, 47, 82, 164, 137, 58, 252, 186, 26, 156, 231, 181]
2022-03-15 10:47:04,174 [DEBUG] Sending IPSEC packet to 192.168.3.1 156 bytes
2022-03-15 10:47:09,797 [DEBUG] ...Periodic cleaning task...
2022-03-15 10:47:17,991 [DEBUG] Got data on Ethernet link...
2022-03-15 10:47:17,992 [DEBUG] bytearray(b'\xa2\x03@$\xd4\xd8')
2022-03-15 10:47:17,992 [DEBUG] Searching for the next hop
2022-03-15 10:47:17,992 [DEBUG] Processing L2 frame
2022-03-15 10:47:17,992 [DEBUG] HMAC key
2022-03-15 10:47:17,992 [DEBUG] bytearray(b"\x9a\xe1y\xa1\xe3M\xaaj\x02\x8a\xc6\xeb\x1f\xc0\xd2^\xfcj\xb2\'\xdd{%av$\xaa\x97\x0c\xfd^\x95")
2022-03-15 10:47:17,993 [DEBUG] Cipher key
2022-03-15 10:47:17,993 [DEBUG] bytearray(b"\xe5\x01\x8e\xb9\xc8\x92\xc4\xb99kT3\x97\x19\x86Q\xd2\'L\x9b\x1e\xe7\x1c\xf7EI\\,\xb5\xbb8\xd1")
2022-03-15 10:47:17,993 [DEBUG] IV
2022-03-15 10:47:17,993 [DEBUG] [138, 228, 128, 33, 237, 97, 129, 51, 3, 130, 216, 23, 229, 94, 178, 29]
2022-03-15 10:47:17,993 [DEBUG] Length of the padded data 80
2022-03-15 10:47:17,993 [DEBUG] Padded data
2022-03-15 10:47:17,994 [DEBUG] [138, 228, 128, 33, 237, 97, 129, 51, 3, 130, 216, 23, 229, 94, 178, 29, 17, 165, 197, 127, 143, 67, 42, 27, 235, 59, 9, 61, 31, 241, 132, 249, 122, 59, 65, 3, 77, 174, 153, 23, 42, 232, 86, 84, 54, 110, 69, 58, 184, 225, 246, 161, 191, 51, 91, 250, 32, 76, 197, 58, 222, 213, 111, 105, 196, 223, 173, 9, 249, 198, 34, 225, 175, 110, 249, 70, 253, 85, 72, 195, 45, 232, 109, 103, 7, 146, 0, 40, 31, 119, 148, 171, 13, 42, 127, 116]
2022-03-15 10:47:17,994 [DEBUG] [17, 165, 197, 127, 143, 67, 42, 27, 235, 59, 9, 61, 31, 241, 132, 249, 122, 59, 65, 3, 77, 174, 153, 23, 42, 232, 86, 84, 54, 110, 69, 58, 184, 225, 246, 161, 191, 51, 91, 250, 32, 76, 197, 58, 222, 213, 111, 105, 196, 223, 173, 9, 249, 198, 34, 225, 175, 110, 249, 70, 253, 85, 72, 195, 45, 232, 109, 103, 7, 146, 0, 40, 31, 119, 148, 171, 13, 42, 127, 116]
2022-03-15 10:47:17,994 [DEBUG] Encrypted padded data
2022-03-15 10:47:17,994 [DEBUG] [51, 51, 0, 0, 0, 2, 162, 3, 64, 36, 212, 216, 134, 221, 96, 0, 0, 0, 0, 16, 58, 255, 254, 128, 0, 0, 0, 0, 0, 0, 160, 3, 64, 255, 254, 36, 212, 216, 255, 2, 0, 0, 0, 0, 0, 0, 0, 0, 0, 0, 0, 0, 0, 2, 133, 0, 17, 45, 0, 0, 0, 0, 1, 1, 162, 3, 64, 36, 212, 216, 1, 2, 3, 4, 5, 6, 7, 8, 8, 0]
2022-03-15 10:47:17,994 [DEBUG] Calculating ICV over IPSec packet
2022-03-15 10:47:17,994 [DEBUG] [172, 119, 151, 163, 0, 0, 0, 12, 138, 228, 128, 33, 237, 97, 129, 51, 3, 130, 216, 23, 229, 94, 178, 29, 17, 165, 197, 127, 143, 67, 42, 27, 235, 59, 9, 61, 31, 241, 132, 249, 122, 59, 65, 3, 77, 174, 153, 23, 42, 232, 86, 84, 54, 110, 69, 58, 184, 225, 246, 161, 191, 51, 91, 250, 32, 76, 197, 58, 222, 213, 111, 105, 196, 223, 173, 9, 249, 198, 34, 225, 175, 110, 249, 70, 253, 85, 72, 195, 45, 232, 109, 103, 7, 146, 0, 40, 31, 119, 148, 171, 13, 42, 127, 116]
2022-03-15 10:47:17,995 [DEBUG] Sending IPSEC packet to 192.168.3.1 156 bytes
2022-03-15 10:47:18,251 [DEBUG] Got data on Ethernet link...
2022-03-15 10:47:18,251 [DEBUG] bytearray(b'\xf6\xea\x86g\xfby')
2022-03-15 10:47:18,251 [DEBUG] Searching for the next hop
2022-03-15 10:47:18,252 [DEBUG] Processing L2 frame
2022-03-15 10:47:18,252 [DEBUG] HMAC key
2022-03-15 10:47:18,252 [DEBUG] bytearray(b"\x9a\xe1y\xa1\xe3M\xaaj\x02\x8a\xc6\xeb\x1f\xc0\xd2^\xfcj\xb2\'\xdd{%av$\xaa\x97\x0c\xfd^\x95")
2022-03-15 10:47:18,253 [DEBUG] Cipher key
2022-03-15 10:47:18,253 [DEBUG] bytearray(b"\xe5\x01\x8e\xb9\xc8\x92\xc4\xb99kT3\x97\x19\x86Q\xd2\'L\x9b\x1e\xe7\x1c\xf7EI\\,\xb5\xbb8\xd1")
2022-03-15 10:47:18,253 [DEBUG] IV
2022-03-15 10:47:18,253 [DEBUG] [152, 137, 4, 104, 45, 17, 116, 106, 159, 190, 35, 22, 91, 142, 236, 193]
2022-03-15 10:47:18,254 [DEBUG] Length of the padded data 80
2022-03-15 10:47:18,254 [DEBUG] Padded data
2022-03-15 10:47:18,254 [DEBUG] [152, 137, 4, 104, 45, 17, 116, 106, 159, 190, 35, 22, 91, 142, 236, 193, 248, 182, 87, 189, 53, 147, 115, 193, 3, 61, 72, 217, 184, 28, 73, 168, 46, 128, 164, 206, 97, 158, 169, 61, 83, 210, 19, 246, 250, 214, 189, 160, 91, 101, 110, 31, 75, 32, 188, 201, 146, 42, 204, 130, 54, 2, 137, 222, 137, 92, 15, 96, 243, 99, 51, 137, 94, 188, 167, 177, 114, 43, 62, 186, 99, 7, 200, 137, 38, 67, 111, 19, 251, 140, 1, 198, 104, 218, 18, 188]
2022-03-15 10:47:18,254 [DEBUG] [248, 182, 87, 189, 53, 147, 115, 193, 3, 61, 72, 217, 184, 28, 73, 168, 46, 128, 164, 206, 97, 158, 169, 61, 83, 210, 19, 246, 250, 214, 189, 160, 91, 101, 110, 31, 75, 32, 188, 201, 146, 42, 204, 130, 54, 2, 137, 222, 137, 92, 15, 96, 243, 99, 51, 137, 94, 188, 167, 177, 114, 43, 62, 186, 99, 7, 200, 137, 38, 67, 111, 19, 251, 140, 1, 198, 104, 218, 18, 188]
2022-03-15 10:47:18,254 [DEBUG] Encrypted padded data
2022-03-15 10:47:18,254 [DEBUG] [51, 51, 0, 0, 0, 2, 246, 234, 134, 103, 251, 121, 134, 221, 96, 0, 0, 0, 0, 16, 58, 255, 254, 128, 0, 0, 0, 0, 0, 0, 244, 234, 134, 255, 254, 103, 251, 121, 255, 2, 0, 0, 0, 0, 0, 0, 0, 0, 0, 0, 0, 0, 0, 2, 133, 0, 141, 149, 0, 0, 0, 0, 1, 1, 246, 234, 134, 103, 251, 121, 1, 2, 3, 4, 5, 6, 7, 8, 8, 0]
2022-03-15 10:47:18,254 [DEBUG] Calculating ICV over IPSec packet
2022-03-15 10:47:18,255 [DEBUG] [172, 119, 151, 163, 0, 0, 0, 13, 152, 137, 4, 104, 45, 17, 116, 106, 159, 190, 35, 22, 91, 142, 236, 193, 248, 182, 87, 189, 53, 147, 115, 193, 3, 61, 72, 217, 184, 28, 73, 168, 46, 128, 164, 206, 97, 158, 169, 61, 83, 210, 19, 246, 250, 214, 189, 160, 91, 101, 110, 31, 75, 32, 188, 201, 146, 42, 204, 130, 54, 2, 137, 222, 137, 92, 15, 96, 243, 99, 51, 137, 94, 188, 167, 177, 114, 43, 62, 186, 99, 7, 200, 137, 38, 67, 111, 19, 251, 140, 1, 198, 104, 218, 18, 188]
2022-03-15 10:47:18,255 [DEBUG] Sending IPSEC packet to 192.168.3.1 156 bytes
2022-03-15 10:47:19,812 [DEBUG] ...Periodic cleaning task...
2022-03-15 10:47:21,322 [DEBUG] Got data on Ethernet link...
2022-03-15 10:47:21,323 [DEBUG] bytearray(b'\xb6\x91\x0c\x12uc')
2022-03-15 10:47:21,323 [DEBUG] Searching for the next hop
2022-03-15 10:47:21,323 [DEBUG] Processing L2 frame
2022-03-15 10:47:21,324 [DEBUG] HMAC key
2022-03-15 10:47:21,324 [DEBUG] bytearray(b"\x9a\xe1y\xa1\xe3M\xaaj\x02\x8a\xc6\xeb\x1f\xc0\xd2^\xfcj\xb2\'\xdd{%av$\xaa\x97\x0c\xfd^\x95")
2022-03-15 10:47:21,324 [DEBUG] Cipher key
2022-03-15 10:47:21,324 [DEBUG] bytearray(b"\xe5\x01\x8e\xb9\xc8\x92\xc4\xb99kT3\x97\x19\x86Q\xd2\'L\x9b\x1e\xe7\x1c\xf7EI\\,\xb5\xbb8\xd1")
2022-03-15 10:47:21,324 [DEBUG] IV
2022-03-15 10:47:21,324 [DEBUG] [67, 146, 152, 199, 127, 139, 177, 65, 33, 43, 102, 211, 121, 128, 107, 190]
2022-03-15 10:47:21,325 [DEBUG] Length of the padded data 80
2022-03-15 10:47:21,325 [DEBUG] Padded data
2022-03-15 10:47:21,325 [DEBUG] [67, 146, 152, 199, 127, 139, 177, 65, 33, 43, 102, 211, 121, 128, 107, 190, 183, 209, 241, 177, 120, 206, 183, 47, 35, 75, 85, 139, 218, 180, 29, 238, 240, 27, 144, 9, 143, 94, 86, 120, 66, 105, 198, 46, 206, 33, 191, 239, 180, 186, 52, 227, 221, 57, 231, 73, 247, 58, 195, 115, 59, 168, 30, 232, 236, 86, 139, 240, 33, 10, 167, 199, 57, 194, 86, 167, 42, 8, 5, 70, 42, 245, 208, 86, 72, 67, 90, 218, 84, 121, 255, 187, 99, 100, 11, 194]
2022-03-15 10:47:21,326 [DEBUG] [183, 209, 241, 177, 120, 206, 183, 47, 35, 75, 85, 139, 218, 180, 29, 238, 240, 27, 144, 9, 143, 94, 86, 120, 66, 105, 198, 46, 206, 33, 191, 239, 180, 186, 52, 227, 221, 57, 231, 73, 247, 58, 195, 115, 59, 168, 30, 232, 236, 86, 139, 240, 33, 10, 167, 199, 57, 194, 86, 167, 42, 8, 5, 70, 42, 245, 208, 86, 72, 67, 90, 218, 84, 121, 255, 187, 99, 100, 11, 194]
2022-03-15 10:47:21,326 [DEBUG] Encrypted padded data
2022-03-15 10:47:21,326 [DEBUG] [51, 51, 0, 0, 0, 2, 182, 145, 12, 18, 117, 99, 134, 221, 96, 0, 0, 0, 0, 16, 58, 255, 254, 128, 0, 0, 0, 0, 0, 0, 180, 145, 12, 255, 254, 18, 117, 99, 255, 2, 0, 0, 0, 0, 0, 0, 0, 0, 0, 0, 0, 0, 0, 2, 133, 0, 15, 32, 0, 0, 0, 0, 1, 1, 182, 145, 12, 18, 117, 99, 1, 2, 3, 4, 5, 6, 7, 8, 8, 0]
2022-03-15 10:47:21,326 [DEBUG] Calculating ICV over IPSec packet
2022-03-15 10:47:21,326 [DEBUG] [172, 119, 151, 163, 0, 0, 0, 14, 67, 146, 152, 199, 127, 139, 177, 65, 33, 43, 102, 211, 121, 128, 107, 190, 183, 209, 241, 177, 120, 206, 183, 47, 35, 75, 85, 139, 218, 180, 29, 238, 240, 27, 144, 9, 143, 94, 86, 120, 66, 105, 198, 46, 206, 33, 191, 239, 180, 186, 52, 227, 221, 57, 231, 73, 247, 58, 195, 115, 59, 168, 30, 232, 236, 86, 139, 240, 33, 10, 167, 199, 57, 194, 86, 167, 42, 8, 5, 70, 42, 245, 208, 86, 72, 67, 90, 218, 84, 121, 255, 187, 99, 100, 11, 194]
2022-03-15 10:47:21,327 [DEBUG] Sending IPSEC packet to 192.168.3.1 156 bytes
2022-03-15 10:47:29,824 [DEBUG] ...Periodic cleaning task...
2022-03-15 10:47:39,826 [DEBUG] ...Periodic cleaning task...
2022-03-15 10:47:47,945 [DEBUG] Got data on Ethernet link...
2022-03-15 10:47:47,946 [DEBUG] bytearray(b'\xa2\x03@$\xd4\xd8')
2022-03-15 10:47:47,946 [DEBUG] Searching for the next hop
2022-03-15 10:47:47,946 [DEBUG] Processing L2 frame
2022-03-15 10:47:47,947 [DEBUG] HMAC key
2022-03-15 10:47:47,947 [DEBUG] bytearray(b"\x9a\xe1y\xa1\xe3M\xaaj\x02\x8a\xc6\xeb\x1f\xc0\xd2^\xfcj\xb2\'\xdd{%av$\xaa\x97\x0c\xfd^\x95")
2022-03-15 10:47:47,947 [DEBUG] Cipher key
2022-03-15 10:47:47,947 [DEBUG] bytearray(b"\xe5\x01\x8e\xb9\xc8\x92\xc4\xb99kT3\x97\x19\x86Q\xd2\'L\x9b\x1e\xe7\x1c\xf7EI\\,\xb5\xbb8\xd1")
2022-03-15 10:47:47,947 [DEBUG] IV
2022-03-15 10:47:47,947 [DEBUG] [228, 137, 157, 205, 33, 20, 87, 255, 122, 89, 169, 29, 184, 21, 229, 111]
2022-03-15 10:47:47,948 [DEBUG] Length of the padded data 80
2022-03-15 10:47:47,948 [DEBUG] Padded data
2022-03-15 10:47:47,948 [DEBUG] [228, 137, 157, 205, 33, 20, 87, 255, 122, 89, 169, 29, 184, 21, 229, 111, 228, 23, 75, 117, 213, 199, 161, 122, 201, 176, 104, 171, 175, 69, 200, 29, 163, 76, 171, 45, 8, 159, 8, 227, 231, 239, 75, 1, 108, 180, 106, 103, 216, 193, 167, 138, 115, 255, 165, 247, 168, 45, 67, 170, 192, 70, 111, 177, 132, 157, 111, 154, 104, 30, 132, 104, 36, 125, 115, 55, 71, 225, 8, 171, 219, 69, 237, 14, 33, 69, 133, 150, 10, 127, 60, 91, 90, 235, 164, 18]
2022-03-15 10:47:47,949 [DEBUG] [228, 23, 75, 117, 213, 199, 161, 122, 201, 176, 104, 171, 175, 69, 200, 29, 163, 76, 171, 45, 8, 159, 8, 227, 231, 239, 75, 1, 108, 180, 106, 103, 216, 193, 167, 138, 115, 255, 165, 247, 168, 45, 67, 170, 192, 70, 111, 177, 132, 157, 111, 154, 104, 30, 132, 104, 36, 125, 115, 55, 71, 225, 8, 171, 219, 69, 237, 14, 33, 69, 133, 150, 10, 127, 60, 91, 90, 235, 164, 18]
2022-03-15 10:47:47,949 [DEBUG] Encrypted padded data
2022-03-15 10:47:47,950 [DEBUG] [51, 51, 0, 0, 0, 2, 162, 3, 64, 36, 212, 216, 134, 221, 96, 0, 0, 0, 0, 16, 58, 255, 254, 128, 0, 0, 0, 0, 0, 0, 160, 3, 64, 255, 254, 36, 212, 216, 255, 2, 0, 0, 0, 0, 0, 0, 0, 0, 0, 0, 0, 0, 0, 2, 133, 0, 17, 45, 0, 0, 0, 0, 1, 1, 162, 3, 64, 36, 212, 216, 1, 2, 3, 4, 5, 6, 7, 8, 8, 0]
2022-03-15 10:47:47,950 [DEBUG] Calculating ICV over IPSec packet
2022-03-15 10:47:47,950 [DEBUG] [172, 119, 151, 163, 0, 0, 0, 15, 228, 137, 157, 205, 33, 20, 87, 255, 122, 89, 169, 29, 184, 21, 229, 111, 228, 23, 75, 117, 213, 199, 161, 122, 201, 176, 104, 171, 175, 69, 200, 29, 163, 76, 171, 45, 8, 159, 8, 227, 231, 239, 75, 1, 108, 180, 106, 103, 216, 193, 167, 138, 115, 255, 165, 247, 168, 45, 67, 170, 192, 70, 111, 177, 132, 157, 111, 154, 104, 30, 132, 104, 36, 125, 115, 55, 71, 225, 8, 171, 219, 69, 237, 14, 33, 69, 133, 150, 10, 127, 60, 91, 90, 235, 164, 18]
2022-03-15 10:47:47,951 [DEBUG] Sending IPSEC packet to 192.168.3.1 156 bytes
2022-03-15 10:47:47,954 [DEBUG] Got data on Ethernet link...
2022-03-15 10:47:47,954 [DEBUG] bytearray(b'\xf6\xea\x86g\xfby')
2022-03-15 10:47:47,955 [DEBUG] Searching for the next hop
2022-03-15 10:47:47,955 [DEBUG] Processing L2 frame
2022-03-15 10:47:47,955 [DEBUG] HMAC key
2022-03-15 10:47:47,955 [DEBUG] bytearray(b"\x9a\xe1y\xa1\xe3M\xaaj\x02\x8a\xc6\xeb\x1f\xc0\xd2^\xfcj\xb2\'\xdd{%av$\xaa\x97\x0c\xfd^\x95")
2022-03-15 10:47:47,955 [DEBUG] Cipher key
2022-03-15 10:47:47,955 [DEBUG] bytearray(b"\xe5\x01\x8e\xb9\xc8\x92\xc4\xb99kT3\x97\x19\x86Q\xd2\'L\x9b\x1e\xe7\x1c\xf7EI\\,\xb5\xbb8\xd1")
2022-03-15 10:47:47,955 [DEBUG] IV
2022-03-15 10:47:47,956 [DEBUG] [98, 190, 230, 118, 24, 206, 178, 241, 97, 231, 180, 158, 103, 44, 117, 255]
2022-03-15 10:47:47,956 [DEBUG] Length of the padded data 80
2022-03-15 10:47:47,956 [DEBUG] Padded data
2022-03-15 10:47:47,956 [DEBUG] [98, 190, 230, 118, 24, 206, 178, 241, 97, 231, 180, 158, 103, 44, 117, 255, 235, 229, 247, 192, 88, 146, 25, 217, 123, 69, 180, 38, 239, 217, 227, 4, 195, 245, 128, 94, 190, 56, 186, 56, 157, 185, 161, 201, 85, 200, 65, 167, 89, 50, 92, 119, 88, 4, 207, 82, 205, 5, 252, 9, 169, 46, 204, 112, 159, 68, 212, 200, 235, 8, 218, 182, 224, 219, 81, 168, 109, 71, 155, 76, 191, 117, 179, 238, 45, 182, 207, 91, 128, 241, 95, 116, 56, 135, 179, 188]
2022-03-15 10:47:47,956 [DEBUG] [235, 229, 247, 192, 88, 146, 25, 217, 123, 69, 180, 38, 239, 217, 227, 4, 195, 245, 128, 94, 190, 56, 186, 56, 157, 185, 161, 201, 85, 200, 65, 167, 89, 50, 92, 119, 88, 4, 207, 82, 205, 5, 252, 9, 169, 46, 204, 112, 159, 68, 212, 200, 235, 8, 218, 182, 224, 219, 81, 168, 109, 71, 155, 76, 191, 117, 179, 238, 45, 182, 207, 91, 128, 241, 95, 116, 56, 135, 179, 188]
2022-03-15 10:47:47,956 [DEBUG] Encrypted padded data
2022-03-15 10:47:47,956 [DEBUG] [51, 51, 0, 0, 0, 2, 246, 234, 134, 103, 251, 121, 134, 221, 96, 0, 0, 0, 0, 16, 58, 255, 254, 128, 0, 0, 0, 0, 0, 0, 244, 234, 134, 255, 254, 103, 251, 121, 255, 2, 0, 0, 0, 0, 0, 0, 0, 0, 0, 0, 0, 0, 0, 2, 133, 0, 141, 149, 0, 0, 0, 0, 1, 1, 246, 234, 134, 103, 251, 121, 1, 2, 3, 4, 5, 6, 7, 8, 8, 0]
2022-03-15 10:47:47,956 [DEBUG] Calculating ICV over IPSec packet
2022-03-15 10:47:47,956 [DEBUG] [172, 119, 151, 163, 0, 0, 0, 16, 98, 190, 230, 118, 24, 206, 178, 241, 97, 231, 180, 158, 103, 44, 117, 255, 235, 229, 247, 192, 88, 146, 25, 217, 123, 69, 180, 38, 239, 217, 227, 4, 195, 245, 128, 94, 190, 56, 186, 56, 157, 185, 161, 201, 85, 200, 65, 167, 89, 50, 92, 119, 88, 4, 207, 82, 205, 5, 252, 9, 169, 46, 204, 112, 159, 68, 212, 200, 235, 8, 218, 182, 224, 219, 81, 168, 109, 71, 155, 76, 191, 117, 179, 238, 45, 182, 207, 91, 128, 241, 95, 116, 56, 135, 179, 188]
2022-03-15 10:47:47,957 [DEBUG] Sending IPSEC packet to 192.168.3.1 156 bytes
2022-03-15 10:47:49,843 [DEBUG] ...Periodic cleaning task...
2022-03-15 10:47:56,135 [DEBUG] Got data on Ethernet link...
2022-03-15 10:47:56,136 [DEBUG] bytearray(b'\xb6\x91\x0c\x12uc')
2022-03-15 10:47:56,136 [DEBUG] Searching for the next hop
2022-03-15 10:47:56,136 [DEBUG] Processing L2 frame
2022-03-15 10:47:56,137 [DEBUG] HMAC key
2022-03-15 10:47:56,138 [DEBUG] bytearray(b"\x9a\xe1y\xa1\xe3M\xaaj\x02\x8a\xc6\xeb\x1f\xc0\xd2^\xfcj\xb2\'\xdd{%av$\xaa\x97\x0c\xfd^\x95")
2022-03-15 10:47:56,138 [DEBUG] Cipher key
2022-03-15 10:47:56,138 [DEBUG] bytearray(b"\xe5\x01\x8e\xb9\xc8\x92\xc4\xb99kT3\x97\x19\x86Q\xd2\'L\x9b\x1e\xe7\x1c\xf7EI\\,\xb5\xbb8\xd1")
2022-03-15 10:47:56,138 [DEBUG] IV
2022-03-15 10:47:56,138 [DEBUG] [42, 193, 164, 28, 103, 139, 89, 51, 251, 172, 58, 42, 204, 111, 72, 35]
2022-03-15 10:47:56,139 [DEBUG] Length of the padded data 80
2022-03-15 10:47:56,142 [DEBUG] Padded data
2022-03-15 10:47:56,142 [DEBUG] [42, 193, 164, 28, 103, 139, 89, 51, 251, 172, 58, 42, 204, 111, 72, 35, 202, 139, 36, 45, 49, 74, 195, 139, 49, 68, 87, 108, 223, 34, 227, 204, 16, 183, 34, 31, 152, 231, 9, 250, 199, 240, 34, 24, 97, 50, 45, 16, 123, 215, 118, 19, 10, 150, 58, 66, 90, 198, 214, 99, 171, 27, 15, 71, 73, 254, 61, 201, 63, 179, 55, 85, 211, 14, 109, 254, 32, 177, 208, 206, 134, 248, 222, 38, 79, 170, 156, 7, 235, 183, 3, 215, 240, 101, 217, 188]
2022-03-15 10:47:56,142 [DEBUG] [202, 139, 36, 45, 49, 74, 195, 139, 49, 68, 87, 108, 223, 34, 227, 204, 16, 183, 34, 31, 152, 231, 9, 250, 199, 240, 34, 24, 97, 50, 45, 16, 123, 215, 118, 19, 10, 150, 58, 66, 90, 198, 214, 99, 171, 27, 15, 71, 73, 254, 61, 201, 63, 179, 55, 85, 211, 14, 109, 254, 32, 177, 208, 206, 134, 248, 222, 38, 79, 170, 156, 7, 235, 183, 3, 215, 240, 101, 217, 188]
2022-03-15 10:47:56,142 [DEBUG] Encrypted padded data
2022-03-15 10:47:56,142 [DEBUG] [51, 51, 0, 0, 0, 2, 182, 145, 12, 18, 117, 99, 134, 221, 96, 0, 0, 0, 0, 16, 58, 255, 254, 128, 0, 0, 0, 0, 0, 0, 180, 145, 12, 255, 254, 18, 117, 99, 255, 2, 0, 0, 0, 0, 0, 0, 0, 0, 0, 0, 0, 0, 0, 2, 133, 0, 15, 32, 0, 0, 0, 0, 1, 1, 182, 145, 12, 18, 117, 99, 1, 2, 3, 4, 5, 6, 7, 8, 8, 0]
2022-03-15 10:47:56,143 [DEBUG] Calculating ICV over IPSec packet
2022-03-15 10:47:56,143 [DEBUG] [172, 119, 151, 163, 0, 0, 0, 17, 42, 193, 164, 28, 103, 139, 89, 51, 251, 172, 58, 42, 204, 111, 72, 35, 202, 139, 36, 45, 49, 74, 195, 139, 49, 68, 87, 108, 223, 34, 227, 204, 16, 183, 34, 31, 152, 231, 9, 250, 199, 240, 34, 24, 97, 50, 45, 16, 123, 215, 118, 19, 10, 150, 58, 66, 90, 198, 214, 99, 171, 27, 15, 71, 73, 254, 61, 201, 63, 179, 55, 85, 211, 14, 109, 254, 32, 177, 208, 206, 134, 248, 222, 38, 79, 170, 156, 7, 235, 183, 3, 215, 240, 101, 217, 188]
2022-03-15 10:47:56,144 [DEBUG] Sending IPSEC packet to 192.168.3.1 156 bytes
2022-03-15 10:47:59,855 [DEBUG] ...Periodic cleaning task...
2022-03-15 10:48:09,867 [DEBUG] ...Periodic cleaning task...
2022-03-15 10:48:19,880 [DEBUG] ...Periodic cleaning task...
2022-03-15 10:48:29,891 [DEBUG] ...Periodic cleaning task...
2022-03-15 10:48:39,905 [DEBUG] ...Periodic cleaning task...
2022-03-15 10:48:45,286 [DEBUG] Got data on Ethernet link...
2022-03-15 10:48:45,287 [DEBUG] bytearray(b'\xa2\x03@$\xd4\xd8')
2022-03-15 10:48:45,287 [DEBUG] Searching for the next hop
2022-03-15 10:48:45,287 [DEBUG] Processing L2 frame
2022-03-15 10:48:45,288 [DEBUG] HMAC key
2022-03-15 10:48:45,288 [DEBUG] bytearray(b"\x9a\xe1y\xa1\xe3M\xaaj\x02\x8a\xc6\xeb\x1f\xc0\xd2^\xfcj\xb2\'\xdd{%av$\xaa\x97\x0c\xfd^\x95")
2022-03-15 10:48:45,289 [DEBUG] Cipher key
2022-03-15 10:48:45,289 [DEBUG] bytearray(b"\xe5\x01\x8e\xb9\xc8\x92\xc4\xb99kT3\x97\x19\x86Q\xd2\'L\x9b\x1e\xe7\x1c\xf7EI\\,\xb5\xbb8\xd1")
2022-03-15 10:48:45,289 [DEBUG] IV
2022-03-15 10:48:45,289 [DEBUG] [101, 69, 170, 5, 86, 112, 26, 82, 137, 115, 96, 165, 212, 151, 123, 164]
2022-03-15 10:48:45,290 [DEBUG] Length of the padded data 80
2022-03-15 10:48:45,290 [DEBUG] Padded data
2022-03-15 10:48:45,290 [DEBUG] [101, 69, 170, 5, 86, 112, 26, 82, 137, 115, 96, 165, 212, 151, 123, 164, 150, 189, 34, 124, 157, 208, 26, 5, 174, 73, 191, 49, 70, 13, 13, 112, 8, 210, 145, 217, 3, 203, 36, 142, 90, 16, 24, 111, 134, 189, 115, 161, 146, 197, 110, 48, 53, 240, 154, 251, 172, 137, 252, 22, 206, 137, 53, 131, 120, 205, 4, 110, 17, 12, 178, 63, 138, 189, 26, 210, 42, 57, 54, 138, 39, 161, 119, 59, 181, 42, 186, 72, 42, 209, 177, 91, 201, 130, 30, 68]
2022-03-15 10:48:45,313 [DEBUG] [150, 189, 34, 124, 157, 208, 26, 5, 174, 73, 191, 49, 70, 13, 13, 112, 8, 210, 145, 217, 3, 203, 36, 142, 90, 16, 24, 111, 134, 189, 115, 161, 146, 197, 110, 48, 53, 240, 154, 251, 172, 137, 252, 22, 206, 137, 53, 131, 120, 205, 4, 110, 17, 12, 178, 63, 138, 189, 26, 210, 42, 57, 54, 138, 39, 161, 119, 59, 181, 42, 186, 72, 42, 209, 177, 91, 201, 130, 30, 68]
2022-03-15 10:48:45,314 [DEBUG] Encrypted padded data
2022-03-15 10:48:45,314 [DEBUG] [51, 51, 0, 0, 0, 2, 162, 3, 64, 36, 212, 216, 134, 221, 96, 0, 0, 0, 0, 16, 58, 255, 254, 128, 0, 0, 0, 0, 0, 0, 160, 3, 64, 255, 254, 36, 212, 216, 255, 2, 0, 0, 0, 0, 0, 0, 0, 0, 0, 0, 0, 0, 0, 2, 133, 0, 17, 45, 0, 0, 0, 0, 1, 1, 162, 3, 64, 36, 212, 216, 1, 2, 3, 4, 5, 6, 7, 8, 8, 0]
2022-03-15 10:48:45,314 [DEBUG] Calculating ICV over IPSec packet
2022-03-15 10:48:45,314 [DEBUG] [172, 119, 151, 163, 0, 0, 0, 18, 101, 69, 170, 5, 86, 112, 26, 82, 137, 115, 96, 165, 212, 151, 123, 164, 150, 189, 34, 124, 157, 208, 26, 5, 174, 73, 191, 49, 70, 13, 13, 112, 8, 210, 145, 217, 3, 203, 36, 142, 90, 16, 24, 111, 134, 189, 115, 161, 146, 197, 110, 48, 53, 240, 154, 251, 172, 137, 252, 22, 206, 137, 53, 131, 120, 205, 4, 110, 17, 12, 178, 63, 138, 189, 26, 210, 42, 57, 54, 138, 39, 161, 119, 59, 181, 42, 186, 72, 42, 209, 177, 91, 201, 130, 30, 68]
2022-03-15 10:48:45,314 [DEBUG] Sending IPSEC packet to 192.168.3.1 156 bytes
2022-03-15 10:48:49,388 [DEBUG] Got data on Ethernet link...
2022-03-15 10:48:49,389 [DEBUG] bytearray(b'\xf6\xea\x86g\xfby')
2022-03-15 10:48:49,389 [DEBUG] Searching for the next hop
2022-03-15 10:48:49,389 [DEBUG] Processing L2 frame
2022-03-15 10:48:49,390 [DEBUG] HMAC key
2022-03-15 10:48:49,390 [DEBUG] bytearray(b"\x9a\xe1y\xa1\xe3M\xaaj\x02\x8a\xc6\xeb\x1f\xc0\xd2^\xfcj\xb2\'\xdd{%av$\xaa\x97\x0c\xfd^\x95")
2022-03-15 10:48:49,390 [DEBUG] Cipher key
2022-03-15 10:48:49,390 [DEBUG] bytearray(b"\xe5\x01\x8e\xb9\xc8\x92\xc4\xb99kT3\x97\x19\x86Q\xd2\'L\x9b\x1e\xe7\x1c\xf7EI\\,\xb5\xbb8\xd1")
2022-03-15 10:48:49,390 [DEBUG] IV
2022-03-15 10:48:49,391 [DEBUG] [133, 78, 35, 182, 112, 141, 61, 59, 89, 241, 251, 163, 154, 46, 208, 177]
2022-03-15 10:48:49,391 [DEBUG] Length of the padded data 80
2022-03-15 10:48:49,392 [DEBUG] Padded data
2022-03-15 10:48:49,392 [DEBUG] [133, 78, 35, 182, 112, 141, 61, 59, 89, 241, 251, 163, 154, 46, 208, 177, 131, 219, 243, 227, 57, 20, 188, 27, 57, 47, 212, 139, 171, 14, 162, 9, 134, 90, 200, 204, 182, 100, 142, 89, 202, 90, 122, 16, 254, 180, 103, 76, 47, 206, 54, 13, 235, 211, 61, 210, 174, 22, 46, 116, 219, 45, 59, 108, 12, 7, 0, 191, 155, 250, 58, 222, 151, 236, 1, 108, 36, 42, 136, 34, 146, 19, 243, 146, 163, 148, 12, 94, 166, 106, 172, 37, 92, 167, 174, 237]
2022-03-15 10:48:49,392 [DEBUG] [131, 219, 243, 227, 57, 20, 188, 27, 57, 47, 212, 139, 171, 14, 162, 9, 134, 90, 200, 204, 182, 100, 142, 89, 202, 90, 122, 16, 254, 180, 103, 76, 47, 206, 54, 13, 235, 211, 61, 210, 174, 22, 46, 116, 219, 45, 59, 108, 12, 7, 0, 191, 155, 250, 58, 222, 151, 236, 1, 108, 36, 42, 136, 34, 146, 19, 243, 146, 163, 148, 12, 94, 166, 106, 172, 37, 92, 167, 174, 237]
2022-03-15 10:48:49,392 [DEBUG] Encrypted padded data
2022-03-15 10:48:49,393 [DEBUG] [51, 51, 0, 0, 0, 2, 246, 234, 134, 103, 251, 121, 134, 221, 96, 0, 0, 0, 0, 16, 58, 255, 254, 128, 0, 0, 0, 0, 0, 0, 244, 234, 134, 255, 254, 103, 251, 121, 255, 2, 0, 0, 0, 0, 0, 0, 0, 0, 0, 0, 0, 0, 0, 2, 133, 0, 141, 149, 0, 0, 0, 0, 1, 1, 246, 234, 134, 103, 251, 121, 1, 2, 3, 4, 5, 6, 7, 8, 8, 0]
2022-03-15 10:48:49,393 [DEBUG] Calculating ICV over IPSec packet
2022-03-15 10:48:49,393 [DEBUG] [172, 119, 151, 163, 0, 0, 0, 19, 133, 78, 35, 182, 112, 141, 61, 59, 89, 241, 251, 163, 154, 46, 208, 177, 131, 219, 243, 227, 57, 20, 188, 27, 57, 47, 212, 139, 171, 14, 162, 9, 134, 90, 200, 204, 182, 100, 142, 89, 202, 90, 122, 16, 254, 180, 103, 76, 47, 206, 54, 13, 235, 211, 61, 210, 174, 22, 46, 116, 219, 45, 59, 108, 12, 7, 0, 191, 155, 250, 58, 222, 151, 236, 1, 108, 36, 42, 136, 34, 146, 19, 243, 146, 163, 148, 12, 94, 166, 106, 172, 37, 92, 167, 174, 237]
2022-03-15 10:48:49,394 [DEBUG] Sending IPSEC packet to 192.168.3.1 156 bytes
2022-03-15 10:48:49,922 [DEBUG] ...Periodic cleaning task...
2022-03-15 10:48:59,934 [DEBUG] Reponder's HIT 2001:2001:6f4a:5a81:0852:f345:e88f:dcfd 
2022-03-15 10:48:59,936 [DEBUG] Initiator's HIT 2001:2001:beb4:d8be:ae47:f4dc:93e3:c6ac 
2022-03-15 10:48:59,936 [DEBUG] Using Responders's HMAC algorithm 1
2022-03-15 10:48:59,938 [DEBUG] Source HIT 2001:2001:beb4:d8be:ae47:f4dc:93e3:c6ac 
2022-03-15 10:48:59,939 [DEBUG] Destination HIT 2001:2001:6f4a:5a81:0852:f345:e88f:dcfd 
2022-03-15 10:48:59,945 [DEBUG] Sending UPDATE PACKET packet 192.168.3.1
2022-03-15 10:48:59,945 [DEBUG] ...Periodic cleaning task...
2022-03-15 10:48:59,946 [INFO] UPDATE packet
2022-03-15 10:48:59,947 [DEBUG] Reponder's HIT 2001:2001:beb4:d8be:ae47:f4dc:93e3:c6ac 
2022-03-15 10:48:59,947 [DEBUG] Initiator's HIT 2001:2001:6f4a:5a81:0852:f345:e88f:dcfd 
2022-03-15 10:48:59,947 [DEBUG] Reponder's HMAC algorithm 1
2022-03-15 10:48:59,947 [DEBUG] Sequence parameter
2022-03-15 10:48:59,948 [DEBUG] MAC parameter
2022-03-15 10:48:59,948 [DEBUG] Signature parameter
2022-03-15 10:48:59,950 [DEBUG] Signature is correct
2022-03-15 10:48:59,954 [DEBUG] Sending UPDATE ACK packet 192.168.3.1
2022-03-15 10:48:59,954 [DEBUG] Got HIP packet on the interface
2022-03-15 10:48:59,954 [INFO] UPDATE packet
2022-03-15 10:48:59,955 [DEBUG] Reponder's HIT 2001:2001:beb4:d8be:ae47:f4dc:93e3:c6ac 
2022-03-15 10:48:59,955 [DEBUG] Initiator's HIT 2001:2001:6f4a:5a81:0852:f345:e88f:dcfd 
2022-03-15 10:48:59,955 [DEBUG] Reponder's HMAC algorithm 1
2022-03-15 10:48:59,955 [DEBUG] Acknowledgement parameter
2022-03-15 10:48:59,955 [DEBUG] MAC parameter
2022-03-15 10:48:59,955 [DEBUG] Signature parameter
2022-03-15 10:48:59,956 [DEBUG] Signature is correct
2022-03-15 10:48:59,956 [DEBUG] This is a response to a UPDATE. Skipping pong...
2022-03-15 10:48:59,957 [DEBUG] Got HIP packet on the interface
2022-03-15 10:49:03,722 [DEBUG] Got data on Ethernet link...
2022-03-15 10:49:03,722 [DEBUG] bytearray(b'\xb6\x91\x0c\x12uc')
2022-03-15 10:49:03,722 [DEBUG] Searching for the next hop
2022-03-15 10:49:03,722 [DEBUG] Processing L2 frame
2022-03-15 10:49:03,723 [DEBUG] HMAC key
2022-03-15 10:49:03,723 [DEBUG] bytearray(b"\x9a\xe1y\xa1\xe3M\xaaj\x02\x8a\xc6\xeb\x1f\xc0\xd2^\xfcj\xb2\'\xdd{%av$\xaa\x97\x0c\xfd^\x95")
2022-03-15 10:49:03,723 [DEBUG] Cipher key
2022-03-15 10:49:03,723 [DEBUG] bytearray(b"\xe5\x01\x8e\xb9\xc8\x92\xc4\xb99kT3\x97\x19\x86Q\xd2\'L\x9b\x1e\xe7\x1c\xf7EI\\,\xb5\xbb8\xd1")
2022-03-15 10:49:03,723 [DEBUG] IV
2022-03-15 10:49:03,723 [DEBUG] [239, 187, 177, 142, 25, 177, 235, 188, 199, 154, 234, 85, 134, 233, 56, 38]
2022-03-15 10:49:03,723 [DEBUG] Length of the padded data 80
2022-03-15 10:49:03,723 [DEBUG] Padded data
2022-03-15 10:49:03,723 [DEBUG] [239, 187, 177, 142, 25, 177, 235, 188, 199, 154, 234, 85, 134, 233, 56, 38, 217, 192, 108, 241, 233, 28, 215, 192, 241, 154, 120, 175, 7, 235, 118, 218, 80, 138, 17, 9, 235, 242, 215, 145, 229, 87, 234, 203, 206, 209, 243, 125, 178, 217, 237, 111, 59, 24, 233, 182, 6, 129, 105, 238, 165, 37, 2, 65, 139, 227, 171, 73, 16, 149, 10, 251, 97, 47, 69, 76, 208, 239, 215, 98, 187, 9, 64, 45, 75, 89, 14, 190, 179, 80, 223, 117, 247, 9, 174, 232]
2022-03-15 10:49:03,724 [DEBUG] [217, 192, 108, 241, 233, 28, 215, 192, 241, 154, 120, 175, 7, 235, 118, 218, 80, 138, 17, 9, 235, 242, 215, 145, 229, 87, 234, 203, 206, 209, 243, 125, 178, 217, 237, 111, 59, 24, 233, 182, 6, 129, 105, 238, 165, 37, 2, 65, 139, 227, 171, 73, 16, 149, 10, 251, 97, 47, 69, 76, 208, 239, 215, 98, 187, 9, 64, 45, 75, 89, 14, 190, 179, 80, 223, 117, 247, 9, 174, 232]
2022-03-15 10:49:03,724 [DEBUG] Encrypted padded data
2022-03-15 10:49:03,724 [DEBUG] [51, 51, 0, 0, 0, 2, 182, 145, 12, 18, 117, 99, 134, 221, 96, 0, 0, 0, 0, 16, 58, 255, 254, 128, 0, 0, 0, 0, 0, 0, 180, 145, 12, 255, 254, 18, 117, 99, 255, 2, 0, 0, 0, 0, 0, 0, 0, 0, 0, 0, 0, 0, 0, 2, 133, 0, 15, 32, 0, 0, 0, 0, 1, 1, 182, 145, 12, 18, 117, 99, 1, 2, 3, 4, 5, 6, 7, 8, 8, 0]
2022-03-15 10:49:03,724 [DEBUG] Calculating ICV over IPSec packet
2022-03-15 10:49:03,724 [DEBUG] [172, 119, 151, 163, 0, 0, 0, 20, 239, 187, 177, 142, 25, 177, 235, 188, 199, 154, 234, 85, 134, 233, 56, 38, 217, 192, 108, 241, 233, 28, 215, 192, 241, 154, 120, 175, 7, 235, 118, 218, 80, 138, 17, 9, 235, 242, 215, 145, 229, 87, 234, 203, 206, 209, 243, 125, 178, 217, 237, 111, 59, 24, 233, 182, 6, 129, 105, 238, 165, 37, 2, 65, 139, 227, 171, 73, 16, 149, 10, 251, 97, 47, 69, 76, 208, 239, 215, 98, 187, 9, 64, 45, 75, 89, 14, 190, 179, 80, 223, 117, 247, 9, 174, 232]
2022-03-15 10:49:03,724 [DEBUG] Sending IPSEC packet to 192.168.3.1 156 bytes
2022-03-15 10:49:09,958 [DEBUG] ...Periodic cleaning task...
2022-03-15 10:49:19,968 [DEBUG] ...Periodic cleaning task...
2022-03-15 10:49:29,983 [DEBUG] ...Periodic cleaning task...
2022-03-15 10:49:40,002 [DEBUG] ...Periodic cleaning task...
2022-03-15 10:49:50,014 [DEBUG] ...Periodic cleaning task...
2022-03-15 10:50:00,027 [DEBUG] ...Periodic cleaning task...
2022-03-15 10:50:10,045 [DEBUG] ...Periodic cleaning task...
2022-03-15 10:50:20,061 [DEBUG] ...Periodic cleaning task...
2022-03-15 10:50:30,072 [DEBUG] ...Periodic cleaning task...
2022-03-15 10:50:39,980 [DEBUG] Got data on Ethernet link...
2022-03-15 10:50:39,981 [DEBUG] bytearray(b'\xa2\x03@$\xd4\xd8')
2022-03-15 10:50:39,981 [DEBUG] Searching for the next hop
2022-03-15 10:50:39,982 [DEBUG] Processing L2 frame
2022-03-15 10:50:39,983 [DEBUG] HMAC key
2022-03-15 10:50:39,983 [DEBUG] bytearray(b"\x9a\xe1y\xa1\xe3M\xaaj\x02\x8a\xc6\xeb\x1f\xc0\xd2^\xfcj\xb2\'\xdd{%av$\xaa\x97\x0c\xfd^\x95")
2022-03-15 10:50:39,983 [DEBUG] Cipher key
2022-03-15 10:50:39,983 [DEBUG] bytearray(b"\xe5\x01\x8e\xb9\xc8\x92\xc4\xb99kT3\x97\x19\x86Q\xd2\'L\x9b\x1e\xe7\x1c\xf7EI\\,\xb5\xbb8\xd1")
2022-03-15 10:50:39,983 [DEBUG] IV
2022-03-15 10:50:39,984 [DEBUG] [142, 89, 27, 42, 220, 1, 238, 36, 230, 210, 41, 149, 166, 134, 117, 68]
2022-03-15 10:50:39,984 [DEBUG] Length of the padded data 80
2022-03-15 10:50:39,987 [DEBUG] Padded data
2022-03-15 10:50:39,987 [DEBUG] [142, 89, 27, 42, 220, 1, 238, 36, 230, 210, 41, 149, 166, 134, 117, 68, 238, 13, 214, 247, 69, 220, 85, 203, 5, 70, 106, 31, 245, 68, 58, 51, 29, 62, 166, 197, 10, 170, 104, 60, 122, 214, 43, 164, 243, 75, 238, 46, 29, 249, 110, 189, 67, 80, 20, 3, 254, 86, 8, 102, 255, 28, 111, 122, 37, 58, 90, 115, 108, 41, 244, 230, 172, 189, 104, 183, 25, 177, 15, 45, 190, 11, 6, 70, 70, 95, 208, 146, 251, 189, 221, 158, 124, 54, 144, 23]
2022-03-15 10:50:39,987 [DEBUG] [238, 13, 214, 247, 69, 220, 85, 203, 5, 70, 106, 31, 245, 68, 58, 51, 29, 62, 166, 197, 10, 170, 104, 60, 122, 214, 43, 164, 243, 75, 238, 46, 29, 249, 110, 189, 67, 80, 20, 3, 254, 86, 8, 102, 255, 28, 111, 122, 37, 58, 90, 115, 108, 41, 244, 230, 172, 189, 104, 183, 25, 177, 15, 45, 190, 11, 6, 70, 70, 95, 208, 146, 251, 189, 221, 158, 124, 54, 144, 23]
2022-03-15 10:50:39,987 [DEBUG] Encrypted padded data
2022-03-15 10:50:39,988 [DEBUG] [51, 51, 0, 0, 0, 2, 162, 3, 64, 36, 212, 216, 134, 221, 96, 0, 0, 0, 0, 16, 58, 255, 254, 128, 0, 0, 0, 0, 0, 0, 160, 3, 64, 255, 254, 36, 212, 216, 255, 2, 0, 0, 0, 0, 0, 0, 0, 0, 0, 0, 0, 0, 0, 2, 133, 0, 17, 45, 0, 0, 0, 0, 1, 1, 162, 3, 64, 36, 212, 216, 1, 2, 3, 4, 5, 6, 7, 8, 8, 0]
2022-03-15 10:50:39,988 [DEBUG] Calculating ICV over IPSec packet
2022-03-15 10:50:39,988 [DEBUG] [172, 119, 151, 163, 0, 0, 0, 21, 142, 89, 27, 42, 220, 1, 238, 36, 230, 210, 41, 149, 166, 134, 117, 68, 238, 13, 214, 247, 69, 220, 85, 203, 5, 70, 106, 31, 245, 68, 58, 51, 29, 62, 166, 197, 10, 170, 104, 60, 122, 214, 43, 164, 243, 75, 238, 46, 29, 249, 110, 189, 67, 80, 20, 3, 254, 86, 8, 102, 255, 28, 111, 122, 37, 58, 90, 115, 108, 41, 244, 230, 172, 189, 104, 183, 25, 177, 15, 45, 190, 11, 6, 70, 70, 95, 208, 146, 251, 189, 221, 158, 124, 54, 144, 23]
2022-03-15 10:50:39,989 [DEBUG] Sending IPSEC packet to 192.168.3.1 156 bytes
2022-03-15 10:50:40,085 [DEBUG] ...Periodic cleaning task...
2022-03-15 10:50:50,098 [DEBUG] ...Periodic cleaning task...
2022-03-15 10:50:50,217 [DEBUG] Got data on Ethernet link...
2022-03-15 10:50:50,217 [DEBUG] bytearray(b'\xf6\xea\x86g\xfby')
2022-03-15 10:50:50,217 [DEBUG] Searching for the next hop
2022-03-15 10:50:50,217 [DEBUG] Processing L2 frame
2022-03-15 10:50:50,218 [DEBUG] HMAC key
2022-03-15 10:50:50,218 [DEBUG] bytearray(b"\x9a\xe1y\xa1\xe3M\xaaj\x02\x8a\xc6\xeb\x1f\xc0\xd2^\xfcj\xb2\'\xdd{%av$\xaa\x97\x0c\xfd^\x95")
2022-03-15 10:50:50,218 [DEBUG] Cipher key
2022-03-15 10:50:50,218 [DEBUG] bytearray(b"\xe5\x01\x8e\xb9\xc8\x92\xc4\xb99kT3\x97\x19\x86Q\xd2\'L\x9b\x1e\xe7\x1c\xf7EI\\,\xb5\xbb8\xd1")
2022-03-15 10:50:50,218 [DEBUG] IV
2022-03-15 10:50:50,218 [DEBUG] [255, 249, 28, 164, 150, 51, 93, 118, 173, 19, 66, 55, 20, 105, 189, 65]
2022-03-15 10:50:50,218 [DEBUG] Length of the padded data 80
2022-03-15 10:50:50,219 [DEBUG] Padded data
2022-03-15 10:50:50,219 [DEBUG] [255, 249, 28, 164, 150, 51, 93, 118, 173, 19, 66, 55, 20, 105, 189, 65, 96, 193, 172, 224, 233, 45, 28, 251, 40, 228, 20, 71, 215, 15, 130, 202, 230, 13, 60, 36, 215, 136, 170, 136, 97, 236, 33, 70, 46, 87, 208, 26, 100, 95, 42, 44, 65, 49, 162, 137, 104, 186, 169, 239, 181, 59, 184, 132, 88, 225, 139, 128, 31, 231, 247, 187, 36, 85, 15, 247, 39, 217, 4, 179, 50, 47, 122, 240, 64, 89, 110, 219, 31, 30, 149, 203, 61, 96, 76, 205]
2022-03-15 10:50:50,219 [DEBUG] [96, 193, 172, 224, 233, 45, 28, 251, 40, 228, 20, 71, 215, 15, 130, 202, 230, 13, 60, 36, 215, 136, 170, 136, 97, 236, 33, 70, 46, 87, 208, 26, 100, 95, 42, 44, 65, 49, 162, 137, 104, 186, 169, 239, 181, 59, 184, 132, 88, 225, 139, 128, 31, 231, 247, 187, 36, 85, 15, 247, 39, 217, 4, 179, 50, 47, 122, 240, 64, 89, 110, 219, 31, 30, 149, 203, 61, 96, 76, 205]
2022-03-15 10:50:50,219 [DEBUG] Encrypted padded data
2022-03-15 10:50:50,219 [DEBUG] [51, 51, 0, 0, 0, 2, 246, 234, 134, 103, 251, 121, 134, 221, 96, 0, 0, 0, 0, 16, 58, 255, 254, 128, 0, 0, 0, 0, 0, 0, 244, 234, 134, 255, 254, 103, 251, 121, 255, 2, 0, 0, 0, 0, 0, 0, 0, 0, 0, 0, 0, 0, 0, 2, 133, 0, 141, 149, 0, 0, 0, 0, 1, 1, 246, 234, 134, 103, 251, 121, 1, 2, 3, 4, 5, 6, 7, 8, 8, 0]
2022-03-15 10:50:50,219 [DEBUG] Calculating ICV over IPSec packet
2022-03-15 10:50:50,219 [DEBUG] [172, 119, 151, 163, 0, 0, 0, 22, 255, 249, 28, 164, 150, 51, 93, 118, 173, 19, 66, 55, 20, 105, 189, 65, 96, 193, 172, 224, 233, 45, 28, 251, 40, 228, 20, 71, 215, 15, 130, 202, 230, 13, 60, 36, 215, 136, 170, 136, 97, 236, 33, 70, 46, 87, 208, 26, 100, 95, 42, 44, 65, 49, 162, 137, 104, 186, 169, 239, 181, 59, 184, 132, 88, 225, 139, 128, 31, 231, 247, 187, 36, 85, 15, 247, 39, 217, 4, 179, 50, 47, 122, 240, 64, 89, 110, 219, 31, 30, 149, 203, 61, 96, 76, 205]
2022-03-15 10:50:50,219 [DEBUG] Sending IPSEC packet to 192.168.3.1 156 bytes
2022-03-15 10:51:00,109 [DEBUG] Reponder's HIT 2001:2001:6f4a:5a81:0852:f345:e88f:dcfd 
2022-03-15 10:51:00,110 [DEBUG] Initiator's HIT 2001:2001:beb4:d8be:ae47:f4dc:93e3:c6ac 
2022-03-15 10:51:00,110 [DEBUG] Using Responders's HMAC algorithm 1
2022-03-15 10:51:00,111 [DEBUG] Source HIT 2001:2001:beb4:d8be:ae47:f4dc:93e3:c6ac 
2022-03-15 10:51:00,111 [DEBUG] Destination HIT 2001:2001:6f4a:5a81:0852:f345:e88f:dcfd 
2022-03-15 10:51:00,122 [DEBUG] Sending UPDATE PACKET packet 192.168.3.1
2022-03-15 10:51:00,123 [DEBUG] ...Periodic cleaning task...
2022-03-15 10:51:00,138 [INFO] UPDATE packet
2022-03-15 10:51:00,139 [DEBUG] Reponder's HIT 2001:2001:beb4:d8be:ae47:f4dc:93e3:c6ac 
2022-03-15 10:51:00,139 [DEBUG] Initiator's HIT 2001:2001:6f4a:5a81:0852:f345:e88f:dcfd 
2022-03-15 10:51:00,139 [DEBUG] Reponder's HMAC algorithm 1
2022-03-15 10:51:00,139 [DEBUG] Sequence parameter
2022-03-15 10:51:00,139 [DEBUG] MAC parameter
2022-03-15 10:51:00,140 [DEBUG] Signature parameter
2022-03-15 10:51:00,141 [DEBUG] Signature is correct
2022-03-15 10:51:00,144 [DEBUG] Sending UPDATE ACK packet 192.168.3.1
2022-03-15 10:51:00,144 [DEBUG] Got HIP packet on the interface
2022-03-15 10:51:00,145 [INFO] UPDATE packet
2022-03-15 10:51:00,145 [DEBUG] Reponder's HIT 2001:2001:beb4:d8be:ae47:f4dc:93e3:c6ac 
2022-03-15 10:51:00,145 [DEBUG] Initiator's HIT 2001:2001:6f4a:5a81:0852:f345:e88f:dcfd 
2022-03-15 10:51:00,145 [DEBUG] Reponder's HMAC algorithm 1
2022-03-15 10:51:00,145 [DEBUG] Acknowledgement parameter
2022-03-15 10:51:00,145 [DEBUG] MAC parameter
2022-03-15 10:51:00,146 [DEBUG] Signature parameter
2022-03-15 10:51:00,147 [DEBUG] Signature is correct
2022-03-15 10:51:00,147 [DEBUG] This is a response to a UPDATE. Skipping pong...
2022-03-15 10:51:00,147 [DEBUG] Got HIP packet on the interface
2022-03-15 10:51:10,139 [DEBUG] ...Periodic cleaning task...
2022-03-15 10:51:12,748 [DEBUG] Got data on Ethernet link...
2022-03-15 10:51:12,750 [DEBUG] bytearray(b'\xb6\x91\x0c\x12uc')
2022-03-15 10:51:12,750 [DEBUG] Searching for the next hop
2022-03-15 10:51:12,750 [DEBUG] Processing L2 frame
2022-03-15 10:51:12,750 [DEBUG] HMAC key
2022-03-15 10:51:12,751 [DEBUG] bytearray(b"\x9a\xe1y\xa1\xe3M\xaaj\x02\x8a\xc6\xeb\x1f\xc0\xd2^\xfcj\xb2\'\xdd{%av$\xaa\x97\x0c\xfd^\x95")
2022-03-15 10:51:12,751 [DEBUG] Cipher key
2022-03-15 10:51:12,751 [DEBUG] bytearray(b"\xe5\x01\x8e\xb9\xc8\x92\xc4\xb99kT3\x97\x19\x86Q\xd2\'L\x9b\x1e\xe7\x1c\xf7EI\\,\xb5\xbb8\xd1")
2022-03-15 10:51:12,751 [DEBUG] IV
2022-03-15 10:51:12,751 [DEBUG] [166, 222, 204, 60, 10, 239, 24, 23, 196, 85, 103, 118, 50, 17, 110, 219]
2022-03-15 10:51:12,751 [DEBUG] Length of the padded data 80
2022-03-15 10:51:12,752 [DEBUG] Padded data
2022-03-15 10:51:12,752 [DEBUG] [166, 222, 204, 60, 10, 239, 24, 23, 196, 85, 103, 118, 50, 17, 110, 219, 188, 139, 25, 14, 80, 99, 60, 47, 61, 78, 6, 66, 168, 43, 129, 246, 83, 92, 15, 186, 97, 119, 86, 226, 190, 146, 173, 134, 168, 193, 102, 238, 86, 242, 191, 116, 209, 41, 82, 170, 69, 167, 131, 211, 90, 180, 99, 168, 206, 248, 136, 27, 232, 12, 130, 7, 51, 147, 201, 58, 198, 158, 140, 132, 192, 231, 137, 136, 42, 251, 121, 3, 34, 240, 125, 186, 241, 249, 94, 95]
2022-03-15 10:51:12,752 [DEBUG] [188, 139, 25, 14, 80, 99, 60, 47, 61, 78, 6, 66, 168, 43, 129, 246, 83, 92, 15, 186, 97, 119, 86, 226, 190, 146, 173, 134, 168, 193, 102, 238, 86, 242, 191, 116, 209, 41, 82, 170, 69, 167, 131, 211, 90, 180, 99, 168, 206, 248, 136, 27, 232, 12, 130, 7, 51, 147, 201, 58, 198, 158, 140, 132, 192, 231, 137, 136, 42, 251, 121, 3, 34, 240, 125, 186, 241, 249, 94, 95]
2022-03-15 10:51:12,752 [DEBUG] Encrypted padded data
2022-03-15 10:51:12,753 [DEBUG] [51, 51, 0, 0, 0, 2, 182, 145, 12, 18, 117, 99, 134, 221, 96, 0, 0, 0, 0, 16, 58, 255, 254, 128, 0, 0, 0, 0, 0, 0, 180, 145, 12, 255, 254, 18, 117, 99, 255, 2, 0, 0, 0, 0, 0, 0, 0, 0, 0, 0, 0, 0, 0, 2, 133, 0, 15, 32, 0, 0, 0, 0, 1, 1, 182, 145, 12, 18, 117, 99, 1, 2, 3, 4, 5, 6, 7, 8, 8, 0]
2022-03-15 10:51:12,753 [DEBUG] Calculating ICV over IPSec packet
2022-03-15 10:51:12,753 [DEBUG] [172, 119, 151, 163, 0, 0, 0, 23, 166, 222, 204, 60, 10, 239, 24, 23, 196, 85, 103, 118, 50, 17, 110, 219, 188, 139, 25, 14, 80, 99, 60, 47, 61, 78, 6, 66, 168, 43, 129, 246, 83, 92, 15, 186, 97, 119, 86, 226, 190, 146, 173, 134, 168, 193, 102, 238, 86, 242, 191, 116, 209, 41, 82, 170, 69, 167, 131, 211, 90, 180, 99, 168, 206, 248, 136, 27, 232, 12, 130, 7, 51, 147, 201, 58, 198, 158, 140, 132, 192, 231, 137, 136, 42, 251, 121, 3, 34, 240, 125, 186, 241, 249, 94, 95]
2022-03-15 10:51:12,754 [DEBUG] Sending IPSEC packet to 192.168.3.1 156 bytes
2022-03-15 10:51:20,150 [DEBUG] ...Periodic cleaning task...
2022-03-15 10:51:30,166 [DEBUG] ...Periodic cleaning task...
2022-03-15 10:51:30,341 [INFO] CLOSE packet
2022-03-15 10:51:30,341 [DEBUG] Responder's HMAC algorithm 1
2022-03-15 10:51:30,341 [DEBUG] Cipher algorithm 4 
2022-03-15 10:51:30,341 [DEBUG] HMAC algorithm 1
2022-03-15 10:51:30,341 [DEBUG] Echo request signed parameter
2022-03-15 10:51:30,341 [DEBUG] [3, 129, 0, 4, 147, 248, 195, 104]
2022-03-15 10:51:30,341 [DEBUG] MAC parameter
2022-03-15 10:51:30,342 [DEBUG] Signature parameter
2022-03-15 10:51:30,342 [DEBUG] Sender's HIT 2001:2001:6f4a:5a81:0852:f345:e88f:dcfd
2022-03-15 10:51:30,342 [DEBUG] Receiver's HIT 2001:2001:beb4:d8be:ae47:f4dc:93e3:c6ac
2022-03-15 10:51:30,342 [DEBUG] ------------------------------------
2022-03-15 10:51:30,342 [DEBUG] [59, 5, 18, 33, 0, 0, 0, 0, 32, 1, 32, 1, 111, 74, 90, 129, 8, 82, 243, 69, 232, 143, 220, 253, 32, 1, 32, 1, 190, 180, 216, 190, 174, 71, 244, 220, 147, 227, 198, 172, 3, 129, 0, 4, 147, 248, 195, 104]
2022-03-15 10:51:30,342 [DEBUG] ------------------------------------
2022-03-15 10:51:30,342 [DEBUG] HMAC OK
2022-03-15 10:51:30,342 [DEBUG] Signature is correct
2022-03-15 10:51:30,344 [DEBUG] Sending CLOSE ACK packet 192.168.3.1
2022-03-15 10:51:30,344 [DEBUG] Got HIP packet on the interface
2022-03-15 10:51:40,179 [DEBUG] ...Periodic cleaning task...
2022-03-15 10:51:50,191 [DEBUG] ...Periodic cleaning task...
2022-03-15 10:52:00,210 [DEBUG] ...Periodic cleaning task...
2022-03-15 10:52:10,221 [DEBUG] ...Periodic cleaning task...
2022-03-15 10:52:20,236 [DEBUG] ...Periodic cleaning task...
2022-03-15 10:52:30,247 [DEBUG] ...Periodic cleaning task...
2022-03-15 10:52:40,266 [DEBUG] ...Periodic cleaning task...
2022-03-15 10:52:50,283 [DEBUG] ...Periodic cleaning task...
2022-03-15 10:53:00,298 [DEBUG] ...Periodic cleaning task...
2022-03-15 10:53:10,314 [DEBUG] ...Periodic cleaning task...
2022-03-15 10:53:20,333 [DEBUG] ...Periodic cleaning task...
2022-03-15 10:53:30,351 [DEBUG] ...Periodic cleaning task...
2022-03-15 10:53:40,363 [DEBUG] ...Periodic cleaning task...
2022-03-15 10:53:50,374 [DEBUG] ...Periodic cleaning task...
2022-03-15 10:54:00,395 [DEBUG] ...Periodic cleaning task...
2022-03-15 10:54:10,410 [DEBUG] ...Periodic cleaning task...
2022-03-15 10:54:20,426 [DEBUG] ...Periodic cleaning task...
2022-03-15 10:54:30,442 [DEBUG] ...Periodic cleaning task...
2022-03-15 10:54:30,966 [DEBUG] Exception occured while processing L2 frame
2022-03-15 10:54:30,966 [DEBUG] [Errno 100] Network is down
